<?xml version="1.0" encoding="UTF-8"?>
<testsuite xmlns:xsi="http://www.w3.org/2001/XMLSchema-instance" xsi:noNamespaceSchemaLocation="https://maven.apache.org/surefire/maven-surefire-plugin/xsd/surefire-test-report-3.0.xsd" version="3.0" name="com.example.block7crudvalidation.infrastructure.controller.PersonControllerTest" time="3.944" tests="6" errors="0" skipped="0" failures="0">
  <properties>
[...]
</properties>
  <testcase name="testGetPersonName" classname="com.example.block7crudvalidation.infrastructure.controller.PersonControllerTest" time="0.883">
    <system-out><![CDATA[2023-07-20T14:41:25.775+02:00  INFO 13848 --- [           main] t.c.s.AnnotationConfigContextLoaderUtils : Could not detect default configuration classes for test class [com.example.block7crudvalidation.infrastructure.controller.PersonControllerTest]: PersonControllerTest does not declare any static, non-private, non-final, nested classes annotated with @Configuration.
2023-07-20T14:41:25.830+02:00  INFO 13848 --- [           main] .b.t.c.SpringBootTestContextBootstrapper : Found @SpringBootConfiguration com.example.block7crudvalidation.Block7CrudValidationApplication for test class com.example.block7crudvalidation.infrastructure.controller.PersonControllerTest

  .   ____          _            __ _ _
 /\\ / ___'_ __ _ _(_)_ __  __ _ \ \ \ \
( ( )\___ | '_ | '_| | '_ \/ _` | \ \ \ \
 \\/  ___)| |_)| | | | | || (_| |  ) ) ) )
  '  |____| .__|_| |_|_| |_\__, | / / / /
 =========|_|==============|___/=/_/_/_/
 :: Spring Boot ::                (v3.1.1)

2023-07-20T14:41:26.143+02:00  INFO 13848 --- [           main] c.e.b.i.controller.PersonControllerTest  : Starting PersonControllerTest using Java 17.0.7 with PID 13848 (started by alvaro.fbarjau in C:\Users\alvaro.fbarjau\IdeaProjects\block13-JUnit-Testing-avanzado)
2023-07-20T14:41:26.143+02:00  INFO 13848 --- [           main] c.e.b.i.controller.PersonControllerTest  : No active profile set, falling back to 1 default profile: "default"
2023-07-20T14:41:26.571+02:00  INFO 13848 --- [           main] .s.d.r.c.RepositoryConfigurationDelegate : Bootstrapping Spring Data JPA repositories in DEFAULT mode.
2023-07-20T14:41:26.620+02:00  INFO 13848 --- [           main] .s.d.r.c.RepositoryConfigurationDelegate : Finished Spring Data repository scanning in 48 ms. Found 4 JPA repository interfaces.
2023-07-20T14:41:26.717+02:00  INFO 13848 --- [           main] o.s.cloud.context.scope.GenericScope     : BeanFactory id=601d2bed-5a3e-33eb-9ce4-30df64d87d9b
2023-07-20T14:41:26.756+02:00  INFO 13848 --- [           main] trationDelegate$BeanPostProcessorChecker : Bean 'com.example.block7crudvalidation.config.feign.TeacherFeign' of type [org.springframework.cloud.openfeign.FeignClientFactoryBean] is not eligible for getting processed by all BeanPostProcessors (for example: not eligible for auto-proxying)
2023-07-20T14:41:26.878+02:00  INFO 13848 --- [           main] o.hibernate.jpa.internal.util.LogHelper  : HHH000204: Processing PersistenceUnitInfo [name: default]
2023-07-20T14:41:26.895+02:00  INFO 13848 --- [           main] o.h.b.i.BytecodeProviderInitiator        : HHH000021: Bytecode provider name : bytebuddy
2023-07-20T14:41:26.895+02:00  INFO 13848 --- [           main] o.s.o.j.p.SpringPersistenceUnitInfo      : No LoadTimeWeaver setup: ignoring JPA class transformer
2023-07-20T14:41:26.897+02:00  INFO 13848 --- [           main] com.zaxxer.hikari.HikariDataSource       : HikariPool-2 - Starting...
2023-07-20T14:41:26.900+02:00  INFO 13848 --- [           main] com.zaxxer.hikari.pool.HikariPool        : HikariPool-2 - Added connection conn11: url=jdbc:h2:file:~/bs9 user=ABARJ
2023-07-20T14:41:26.901+02:00  INFO 13848 --- [           main] com.zaxxer.hikari.HikariDataSource       : HikariPool-2 - Start completed.
2023-07-20T14:41:26.953+02:00  INFO 13848 --- [           main] o.h.b.i.BytecodeProviderInitiator        : HHH000021: Bytecode provider name : bytebuddy
2023-07-20T14:41:27.107+02:00  INFO 13848 --- [           main] o.h.e.t.j.p.i.JtaPlatformInitiator       : HHH000490: Using JtaPlatform implementation: [org.hibernate.engine.transaction.jta.platform.internal.NoJtaPlatform]
Hibernate: 
    drop table if exists persons cascade 
Hibernate: 
    drop table if exists students cascade 
Hibernate: 
    drop table if exists students_subjects cascade 
Hibernate: 
    drop table if exists subject cascade 
Hibernate: 
    drop table if exists subjects cascade 
Hibernate: 
    drop table if exists teachers cascade 
Hibernate: 
    drop table if exists teachers_students cascade 
Hibernate: 
    drop table if exists teachers_subjects cascade 
Hibernate: 
    drop sequence if exists persons_seq
Hibernate: 
    drop sequence if exists students_seq
Hibernate: 
    drop sequence if exists subjects_seq
Hibernate: 
    drop sequence if exists teachers_seq
Hibernate: 
    create sequence persons_seq start with 1 increment by 50
Hibernate: 
    create sequence students_seq start with 1 increment by 50
Hibernate: 
    create sequence subjects_seq start with 1 increment by 50
Hibernate: 
    create sequence teachers_seq start with 1 increment by 50
Hibernate: 
    create table persons (
        active boolean,
        id_person integer not null,
        student_id_student integer unique,
        teacher_id_teacher integer unique,
        created_date timestamp(6),
        termination_date timestamp(6),
        city varchar(255),
        company_email varchar(255),
        image_url varchar(255),
        name varchar(255),
        password varchar(255),
        personal_email varchar(255),
        surname varchar(255),
        username varchar(255),
        primary key (id_person)
    )
Hibernate: 
    create table students (
        id_person integer unique,
        id_student integer not null,
        id_teacher integer,
        num_hours_week integer,
        branch varchar(255),
        comments varchar(255),
        primary key (id_student)
    )
Hibernate: 
    create table students_subjects (
        student_id_student integer not null,
        subjects_id_subject integer not null unique
    )
Hibernate: 
    create table subject (
        students_id_student integer not null,
        subject_id_subject integer not null
    )
Hibernate: 
    create table subjects (
        id_subject integer not null,
        id_teacher integer,
        finish_date timestamp(6),
        initial_date timestamp(6),
        comments varchar(255),
        name varchar(255),
        primary key (id_subject)
    )
Hibernate: 
    create table teachers (
        id_person integer unique,
        id_teacher integer not null,
        branch varchar(255),
        comments varchar(255),
        primary key (id_teacher)
    )
Hibernate: 
    create table teachers_students (
        students_id_student integer not null unique,
        teacher_id_teacher integer not null
    )
Hibernate: 
    create table teachers_subjects (
        subjects_id_subject integer not null unique,
        teacher_id_teacher integer not null
    )
Hibernate: 
    alter table if exists persons 
       add constraint FKi727n2ocfdple6xkbah2ome2x 
       foreign key (student_id_student) 
       references students
Hibernate: 
    alter table if exists persons 
       add constraint FKdl3wjn7l36xaj61tlijl809bk 
       foreign key (teacher_id_teacher) 
       references teachers
Hibernate: 
    alter table if exists students 
       add constraint FKlpaeaqvenydy4f1cy3di7wnlt 
       foreign key (id_person) 
       references persons
Hibernate: 
    alter table if exists students 
       add constraint FK590gu63kuyeqn75a7k9o7t17d 
       foreign key (id_teacher) 
       references teachers
Hibernate: 
    alter table if exists students_subjects 
       add constraint FK5qipd27yd12dxneyy3ppj1449 
       foreign key (subjects_id_subject) 
       references subjects
Hibernate: 
    alter table if exists students_subjects 
       add constraint FKc4lt2006nygbmvcixom1f6oul 
       foreign key (student_id_student) 
       references students
Hibernate: 
    alter table if exists subject 
       add constraint FKljw9820bbh7h61dxa243r27b7 
       foreign key (students_id_student) 
       references students
Hibernate: 
    alter table if exists subject 
       add constraint FKfg743574in4d9pyddv8q7onrg 
       foreign key (subject_id_subject) 
       references subjects
Hibernate: 
    alter table if exists subjects 
       add constraint FKd6wsur0h17y5whg1y5bkb2nmh 
       foreign key (id_teacher) 
       references teachers
Hibernate: 
    alter table if exists teachers 
       add constraint FKs6iuko995dtge3b89j12ohedg 
       foreign key (id_person) 
       references persons
Hibernate: 
    alter table if exists teachers_students 
       add constraint FK3aaf3a3v9p4aq1qmelxqx95ua 
       foreign key (students_id_student) 
       references students
Hibernate: 
    alter table if exists teachers_students 
       add constraint FKlfapea9oipw156lg2txqubnjb 
       foreign key (teacher_id_teacher) 
       references teachers
Hibernate: 
    alter table if exists teachers_subjects 
       add constraint FKoccpshwsqi1ypncrqp2c8kh4v 
       foreign key (subjects_id_subject) 
       references subjects
Hibernate: 
    alter table if exists teachers_subjects 
       add constraint FK7x8bwduag4dicig5c9m1eld70 
       foreign key (teacher_id_teacher) 
       references teachers
2023-07-20T14:41:27.201+02:00  INFO 13848 --- [           main] j.LocalContainerEntityManagerFactoryBean : Initialized JPA EntityManagerFactory for persistence unit 'default'
2023-07-20T14:41:27.361+02:00  WARN 13848 --- [           main] JpaBaseConfiguration$JpaWebConfiguration : spring.jpa.open-in-view is enabled by default. Therefore, database queries may be performed during view rendering. Explicitly configure spring.jpa.open-in-view to disable this warning
2023-07-20T14:41:27.647+02:00  INFO 13848 --- [           main] o.s.b.a.h2.H2ConsoleAutoConfiguration    : H2 console available at '/h2-console'. Database available at 'jdbc:h2:file:~/bs9'
2023-07-20T14:41:27.701+02:00  INFO 13848 --- [           main] o.s.b.t.m.w.SpringBootMockServletContext : Initializing Spring TestDispatcherServlet ''
2023-07-20T14:41:27.701+02:00  INFO 13848 --- [           main] o.s.t.web.servlet.TestDispatcherServlet  : Initializing Servlet ''
2023-07-20T14:41:27.706+02:00  INFO 13848 --- [           main] o.s.t.web.servlet.TestDispatcherServlet  : Completed initialization in 1 ms
2023-07-20T14:41:28.004+02:00  INFO 13848 --- [           main] c.e.b.i.controller.PersonControllerTest  : Started PersonControllerTest in 2.164 seconds (process running for 23.153)
Hibernate: 
    select
        p1_0.id_person,
        p1_0.active,
        p1_0.city,
        p1_0.company_email,
        p1_0.created_date,
        p1_0.image_url,
        p1_0.name,
        p1_0.password,
        p1_0.personal_email,
        s1_0.id_student,
        s1_0.branch,
        s1_0.comments,
        s1_0.num_hours_week,
        p2_0.id_person,
        p2_0.active,
        p2_0.city,
        p2_0.company_email,
        p2_0.created_date,
        p2_0.image_url,
        p2_0.name,
        p2_0.password,
        p2_0.personal_email,
        p2_0.student_id_student,
        p2_0.surname,
        t1_0.id_teacher,
        t1_0.branch,
        t1_0.comments,
        p3_0.id_person,
        p3_0.active,
        p3_0.city,
        p3_0.company_email,
        p3_0.created_date,
        p3_0.image_url,
        p3_0.name,
        p3_0.password,
        p3_0.personal_email,
        p3_0.student_id_student,
        p3_0.surname,
        p3_0.teacher_id_teacher,
        p3_0.termination_date,
        p3_0.username,
        p2_0.termination_date,
        p2_0.username,
        t3_0.id_teacher,
        t3_0.branch,
        t3_0.comments,
        p4_0.id_person,
        p4_0.active,
        p4_0.city,
        p4_0.company_email,
        p4_0.created_date,
        p4_0.image_url,
        p4_0.name,
        p4_0.password,
        p4_0.personal_email,
        p4_0.student_id_student,
        p4_0.surname,
        t4_0.id_teacher,
        t4_0.branch,
        t4_0.comments,
        t4_0.id_person,
        p4_0.termination_date,
        p4_0.username,
        s5_0.student_id_student,
        s5_1.id_subject,
        s5_1.comments,
        s5_1.finish_date,
        s5_1.initial_date,
        s5_1.name,
        t5_0.id_teacher,
        t5_0.branch,
        t5_0.comments,
        p6_0.id_person,
        p6_0.active,
        p6_0.city,
        p6_0.company_email,
        p6_0.created_date,
        p6_0.image_url,
        p6_0.name,
        p6_0.password,
        p6_0.personal_email,
        p6_0.student_id_student,
        p6_0.surname,
        t6_0.id_teacher,
        t6_0.branch,
        t6_0.comments,
        t6_0.id_person,
        p6_0.termination_date,
        p6_0.username,
        p1_0.surname,
        t7_0.id_teacher,
        t7_0.branch,
        t7_0.comments,
        p8_0.id_person,
        p8_0.active,
        p8_0.city,
        p8_0.company_email,
        p8_0.created_date,
        p8_0.image_url,
        p8_0.name,
        p8_0.password,
        p8_0.personal_email,
        s7_0.id_student,
        s7_0.branch,
        s7_0.comments,
        s7_0.num_hours_week,
        p9_0.id_person,
        p9_0.active,
        p9_0.city,
        p9_0.company_email,
        p9_0.created_date,
        p9_0.image_url,
        p9_0.name,
        p9_0.password,
        p9_0.personal_email,
        p9_0.student_id_student,
        p9_0.surname,
        p9_0.teacher_id_teacher,
        p9_0.termination_date,
        p9_0.username,
        t9_0.id_teacher,
        t9_0.branch,
        t9_0.comments,
        t9_0.id_person,
        p8_0.surname,
        p8_0.teacher_id_teacher,
        p8_0.termination_date,
        p8_0.username,
        p1_0.termination_date,
        p1_0.username 
    from
        persons p1_0 
    left join
        students s1_0 
            on s1_0.id_student=p1_0.student_id_student 
    left join
        persons p2_0 
            on p2_0.id_person=s1_0.id_person 
    left join
        teachers t1_0 
            on t1_0.id_teacher=p2_0.teacher_id_teacher 
    left join
        persons p3_0 
            on p3_0.id_person=t1_0.id_person 
    left join
        teachers t3_0 
            on t3_0.id_teacher=s1_0.id_teacher 
    left join
        persons p4_0 
            on p4_0.id_person=t3_0.id_person 
    left join
        teachers t4_0 
            on t4_0.id_teacher=p4_0.teacher_id_teacher 
    left join
        (students_subjects s5_0 
    join
        subjects s5_1 
            on s5_1.id_subject=s5_0.subjects_id_subject) 
                on s1_0.id_student=s5_0.student_id_student 
        left join
            teachers t5_0 
                on t5_0.id_teacher=s5_1.id_teacher 
        left join
            persons p6_0 
                on p6_0.id_person=t5_0.id_person 
        left join
            teachers t6_0 
                on t6_0.id_teacher=p6_0.teacher_id_teacher 
        left join
            teachers t7_0 
                on t7_0.id_teacher=p1_0.teacher_id_teacher 
        left join
            persons p8_0 
                on p8_0.id_person=t7_0.id_person 
        left join
            students s7_0 
                on s7_0.id_student=p8_0.student_id_student 
        left join
            persons p9_0 
                on p9_0.id_person=s7_0.id_person 
        left join
            teachers t9_0 
                on t9_0.id_teacher=s7_0.id_teacher 
        where
            p1_0.id_person=?
Hibernate: 
    select
        next value for persons_seq
Hibernate: 
    insert 
    into
        persons
        (active,city,company_email,created_date,image_url,name,password,personal_email,student_id_student,surname,teacher_id_teacher,termination_date,username,id_person) 
    values
        (?,?,?,?,?,?,?,?,?,?,?,?,?,?)
Hibernate: 
    select
        p1_0.id_person,
        p1_0.active,
        p1_0.city,
        p1_0.company_email,
        p1_0.created_date,
        p1_0.image_url,
        p1_0.name,
        p1_0.password,
        p1_0.personal_email,
        p1_0.student_id_student,
        p1_0.surname,
        p1_0.teacher_id_teacher,
        p1_0.termination_date,
        p1_0.username 
    from
        persons p1_0 
    where
        p1_0.name=?
Hibernate: 
    select
        p1_0.id_person,
        p1_0.active,
        p1_0.city,
        p1_0.company_email,
        p1_0.created_date,
        p1_0.image_url,
        p1_0.name,
        p1_0.password,
        p1_0.personal_email,
        p1_0.student_id_student,
        p1_0.surname,
        p1_0.teacher_id_teacher,
        p1_0.termination_date,
        p1_0.username 
    from
        persons p1_0
Hibernate: 
    delete 
    from
        persons 
    where
        id_person=?
]]></system-out>
  </testcase>
  <testcase name="updatePerson" classname="com.example.block7crudvalidation.infrastructure.controller.PersonControllerTest" time="0.135">
    <system-out><![CDATA[Hibernate: 
    select
        p1_0.id_person,
        p1_0.active,
        p1_0.city,
        p1_0.company_email,
        p1_0.created_date,
        p1_0.image_url,
        p1_0.name,
        p1_0.password,
        p1_0.personal_email,
        s1_0.id_student,
        s1_0.branch,
        s1_0.comments,
        s1_0.num_hours_week,
        p2_0.id_person,
        p2_0.active,
        p2_0.city,
        p2_0.company_email,
        p2_0.created_date,
        p2_0.image_url,
        p2_0.name,
        p2_0.password,
        p2_0.personal_email,
        p2_0.student_id_student,
        p2_0.surname,
        t1_0.id_teacher,
        t1_0.branch,
        t1_0.comments,
        p3_0.id_person,
        p3_0.active,
        p3_0.city,
        p3_0.company_email,
        p3_0.created_date,
        p3_0.image_url,
        p3_0.name,
        p3_0.password,
        p3_0.personal_email,
        p3_0.student_id_student,
        p3_0.surname,
        p3_0.teacher_id_teacher,
        p3_0.termination_date,
        p3_0.username,
        p2_0.termination_date,
        p2_0.username,
        t3_0.id_teacher,
        t3_0.branch,
        t3_0.comments,
        p4_0.id_person,
        p4_0.active,
        p4_0.city,
        p4_0.company_email,
        p4_0.created_date,
        p4_0.image_url,
        p4_0.name,
        p4_0.password,
        p4_0.personal_email,
        p4_0.student_id_student,
        p4_0.surname,
        t4_0.id_teacher,
        t4_0.branch,
        t4_0.comments,
        t4_0.id_person,
        p4_0.termination_date,
        p4_0.username,
        s5_0.student_id_student,
        s5_1.id_subject,
        s5_1.comments,
        s5_1.finish_date,
        s5_1.initial_date,
        s5_1.name,
        t5_0.id_teacher,
        t5_0.branch,
        t5_0.comments,
        p6_0.id_person,
        p6_0.active,
        p6_0.city,
        p6_0.company_email,
        p6_0.created_date,
        p6_0.image_url,
        p6_0.name,
        p6_0.password,
        p6_0.personal_email,
        p6_0.student_id_student,
        p6_0.surname,
        t6_0.id_teacher,
        t6_0.branch,
        t6_0.comments,
        t6_0.id_person,
        p6_0.termination_date,
        p6_0.username,
        p1_0.surname,
        t7_0.id_teacher,
        t7_0.branch,
        t7_0.comments,
        p8_0.id_person,
        p8_0.active,
        p8_0.city,
        p8_0.company_email,
        p8_0.created_date,
        p8_0.image_url,
        p8_0.name,
        p8_0.password,
        p8_0.personal_email,
        s7_0.id_student,
        s7_0.branch,
        s7_0.comments,
        s7_0.num_hours_week,
        p9_0.id_person,
        p9_0.active,
        p9_0.city,
        p9_0.company_email,
        p9_0.created_date,
        p9_0.image_url,
        p9_0.name,
        p9_0.password,
        p9_0.personal_email,
        p9_0.student_id_student,
        p9_0.surname,
        p9_0.teacher_id_teacher,
        p9_0.termination_date,
        p9_0.username,
        t9_0.id_teacher,
        t9_0.branch,
        t9_0.comments,
        t9_0.id_person,
        p8_0.surname,
        p8_0.teacher_id_teacher,
        p8_0.termination_date,
        p8_0.username,
        p1_0.termination_date,
        p1_0.username 
    from
        persons p1_0 
    left join
        students s1_0 
            on s1_0.id_student=p1_0.student_id_student 
    left join
        persons p2_0 
            on p2_0.id_person=s1_0.id_person 
    left join
        teachers t1_0 
            on t1_0.id_teacher=p2_0.teacher_id_teacher 
    left join
        persons p3_0 
            on p3_0.id_person=t1_0.id_person 
    left join
        teachers t3_0 
            on t3_0.id_teacher=s1_0.id_teacher 
    left join
        persons p4_0 
            on p4_0.id_person=t3_0.id_person 
    left join
        teachers t4_0 
            on t4_0.id_teacher=p4_0.teacher_id_teacher 
    left join
        (students_subjects s5_0 
    join
        subjects s5_1 
            on s5_1.id_subject=s5_0.subjects_id_subject) 
                on s1_0.id_student=s5_0.student_id_student 
        left join
            teachers t5_0 
                on t5_0.id_teacher=s5_1.id_teacher 
        left join
            persons p6_0 
                on p6_0.id_person=t5_0.id_person 
        left join
            teachers t6_0 
                on t6_0.id_teacher=p6_0.teacher_id_teacher 
        left join
            teachers t7_0 
                on t7_0.id_teacher=p1_0.teacher_id_teacher 
        left join
            persons p8_0 
                on p8_0.id_person=t7_0.id_person 
        left join
            students s7_0 
                on s7_0.id_student=p8_0.student_id_student 
        left join
            persons p9_0 
                on p9_0.id_person=s7_0.id_person 
        left join
            teachers t9_0 
                on t9_0.id_teacher=s7_0.id_teacher 
        where
            p1_0.id_person=?
Hibernate: 
    select
        next value for persons_seq
Hibernate: 
    insert 
    into
        persons
        (active,city,company_email,created_date,image_url,name,password,personal_email,student_id_student,surname,teacher_id_teacher,termination_date,username,id_person) 
    values
        (?,?,?,?,?,?,?,?,?,?,?,?,?,?)
Hibernate: 
    select
        p1_0.id_person,
        p1_0.active,
        p1_0.city,
        p1_0.company_email,
        p1_0.created_date,
        p1_0.image_url,
        p1_0.name,
        p1_0.password,
        p1_0.personal_email,
        s1_0.id_student,
        s1_0.branch,
        s1_0.comments,
        s1_0.num_hours_week,
        p2_0.id_person,
        p2_0.active,
        p2_0.city,
        p2_0.company_email,
        p2_0.created_date,
        p2_0.image_url,
        p2_0.name,
        p2_0.password,
        p2_0.personal_email,
        p2_0.student_id_student,
        p2_0.surname,
        t1_0.id_teacher,
        t1_0.branch,
        t1_0.comments,
        p3_0.id_person,
        p3_0.active,
        p3_0.city,
        p3_0.company_email,
        p3_0.created_date,
        p3_0.image_url,
        p3_0.name,
        p3_0.password,
        p3_0.personal_email,
        p3_0.student_id_student,
        p3_0.surname,
        p3_0.teacher_id_teacher,
        p3_0.termination_date,
        p3_0.username,
        p2_0.termination_date,
        p2_0.username,
        t3_0.id_teacher,
        t3_0.branch,
        t3_0.comments,
        p4_0.id_person,
        p4_0.active,
        p4_0.city,
        p4_0.company_email,
        p4_0.created_date,
        p4_0.image_url,
        p4_0.name,
        p4_0.password,
        p4_0.personal_email,
        p4_0.student_id_student,
        p4_0.surname,
        t4_0.id_teacher,
        t4_0.branch,
        t4_0.comments,
        t4_0.id_person,
        p4_0.termination_date,
        p4_0.username,
        s5_0.student_id_student,
        s5_1.id_subject,
        s5_1.comments,
        s5_1.finish_date,
        s5_1.initial_date,
        s5_1.name,
        t5_0.id_teacher,
        t5_0.branch,
        t5_0.comments,
        p6_0.id_person,
        p6_0.active,
        p6_0.city,
        p6_0.company_email,
        p6_0.created_date,
        p6_0.image_url,
        p6_0.name,
        p6_0.password,
        p6_0.personal_email,
        p6_0.student_id_student,
        p6_0.surname,
        t6_0.id_teacher,
        t6_0.branch,
        t6_0.comments,
        t6_0.id_person,
        p6_0.termination_date,
        p6_0.username,
        p1_0.surname,
        t7_0.id_teacher,
        t7_0.branch,
        t7_0.comments,
        p8_0.id_person,
        p8_0.active,
        p8_0.city,
        p8_0.company_email,
        p8_0.created_date,
        p8_0.image_url,
        p8_0.name,
        p8_0.password,
        p8_0.personal_email,
        s7_0.id_student,
        s7_0.branch,
        s7_0.comments,
        s7_0.num_hours_week,
        p9_0.id_person,
        p9_0.active,
        p9_0.city,
        p9_0.company_email,
        p9_0.created_date,
        p9_0.image_url,
        p9_0.name,
        p9_0.password,
        p9_0.personal_email,
        p9_0.student_id_student,
        p9_0.surname,
        p9_0.teacher_id_teacher,
        p9_0.termination_date,
        p9_0.username,
        t9_0.id_teacher,
        t9_0.branch,
        t9_0.comments,
        t9_0.id_person,
        p8_0.surname,
        p8_0.teacher_id_teacher,
        p8_0.termination_date,
        p8_0.username,
        p1_0.termination_date,
        p1_0.username 
    from
        persons p1_0 
    left join
        students s1_0 
            on s1_0.id_student=p1_0.student_id_student 
    left join
        persons p2_0 
            on p2_0.id_person=s1_0.id_person 
    left join
        teachers t1_0 
            on t1_0.id_teacher=p2_0.teacher_id_teacher 
    left join
        persons p3_0 
            on p3_0.id_person=t1_0.id_person 
    left join
        teachers t3_0 
            on t3_0.id_teacher=s1_0.id_teacher 
    left join
        persons p4_0 
            on p4_0.id_person=t3_0.id_person 
    left join
        teachers t4_0 
            on t4_0.id_teacher=p4_0.teacher_id_teacher 
    left join
        (students_subjects s5_0 
    join
        subjects s5_1 
            on s5_1.id_subject=s5_0.subjects_id_subject) 
                on s1_0.id_student=s5_0.student_id_student 
        left join
            teachers t5_0 
                on t5_0.id_teacher=s5_1.id_teacher 
        left join
            persons p6_0 
                on p6_0.id_person=t5_0.id_person 
        left join
            teachers t6_0 
                on t6_0.id_teacher=p6_0.teacher_id_teacher 
        left join
            teachers t7_0 
                on t7_0.id_teacher=p1_0.teacher_id_teacher 
        left join
            persons p8_0 
                on p8_0.id_person=t7_0.id_person 
        left join
            students s7_0 
                on s7_0.id_student=p8_0.student_id_student 
        left join
            persons p9_0 
                on p9_0.id_person=s7_0.id_person 
        left join
            teachers t9_0 
                on t9_0.id_teacher=s7_0.id_teacher 
        where
            p1_0.id_person=?
Hibernate: 
    update
        persons 
    set
        active=?,
        city=?,
        company_email=?,
        created_date=?,
        image_url=?,
        name=?,
        password=?,
        personal_email=?,
        student_id_student=?,
        surname=?,
        teacher_id_teacher=?,
        termination_date=?,
        username=? 
    where
        id_person=?
Hibernate: 
    select
        p1_0.id_person,
        p1_0.active,
        p1_0.city,
        p1_0.company_email,
        p1_0.created_date,
        p1_0.image_url,
        p1_0.name,
        p1_0.password,
        p1_0.personal_email,
        p1_0.student_id_student,
        p1_0.surname,
        p1_0.teacher_id_teacher,
        p1_0.termination_date,
        p1_0.username 
    from
        persons p1_0
Hibernate: 
    delete 
    from
        persons 
    where
        id_person=?
]]></system-out>
  </testcase>
  <testcase name="testGetPersons" classname="com.example.block7crudvalidation.infrastructure.controller.PersonControllerTest" time="0.088">
    <system-out><![CDATA[Hibernate: 
    select
        p1_0.id_person,
        p1_0.active,
        p1_0.city,
        p1_0.company_email,
        p1_0.created_date,
        p1_0.image_url,
        p1_0.name,
        p1_0.password,
        p1_0.personal_email,
        s1_0.id_student,
        s1_0.branch,
        s1_0.comments,
        s1_0.num_hours_week,
        p2_0.id_person,
        p2_0.active,
        p2_0.city,
        p2_0.company_email,
        p2_0.created_date,
        p2_0.image_url,
        p2_0.name,
        p2_0.password,
        p2_0.personal_email,
        p2_0.student_id_student,
        p2_0.surname,
        t1_0.id_teacher,
        t1_0.branch,
        t1_0.comments,
        p3_0.id_person,
        p3_0.active,
        p3_0.city,
        p3_0.company_email,
        p3_0.created_date,
        p3_0.image_url,
        p3_0.name,
        p3_0.password,
        p3_0.personal_email,
        p3_0.student_id_student,
        p3_0.surname,
        p3_0.teacher_id_teacher,
        p3_0.termination_date,
        p3_0.username,
        p2_0.termination_date,
        p2_0.username,
        t3_0.id_teacher,
        t3_0.branch,
        t3_0.comments,
        p4_0.id_person,
        p4_0.active,
        p4_0.city,
        p4_0.company_email,
        p4_0.created_date,
        p4_0.image_url,
        p4_0.name,
        p4_0.password,
        p4_0.personal_email,
        p4_0.student_id_student,
        p4_0.surname,
        t4_0.id_teacher,
        t4_0.branch,
        t4_0.comments,
        t4_0.id_person,
        p4_0.termination_date,
        p4_0.username,
        s5_0.student_id_student,
        s5_1.id_subject,
        s5_1.comments,
        s5_1.finish_date,
        s5_1.initial_date,
        s5_1.name,
        t5_0.id_teacher,
        t5_0.branch,
        t5_0.comments,
        p6_0.id_person,
        p6_0.active,
        p6_0.city,
        p6_0.company_email,
        p6_0.created_date,
        p6_0.image_url,
        p6_0.name,
        p6_0.password,
        p6_0.personal_email,
        p6_0.student_id_student,
        p6_0.surname,
        t6_0.id_teacher,
        t6_0.branch,
        t6_0.comments,
        t6_0.id_person,
        p6_0.termination_date,
        p6_0.username,
        p1_0.surname,
        t7_0.id_teacher,
        t7_0.branch,
        t7_0.comments,
        p8_0.id_person,
        p8_0.active,
        p8_0.city,
        p8_0.company_email,
        p8_0.created_date,
        p8_0.image_url,
        p8_0.name,
        p8_0.password,
        p8_0.personal_email,
        s7_0.id_student,
        s7_0.branch,
        s7_0.comments,
        s7_0.num_hours_week,
        p9_0.id_person,
        p9_0.active,
        p9_0.city,
        p9_0.company_email,
        p9_0.created_date,
        p9_0.image_url,
        p9_0.name,
        p9_0.password,
        p9_0.personal_email,
        p9_0.student_id_student,
        p9_0.surname,
        p9_0.teacher_id_teacher,
        p9_0.termination_date,
        p9_0.username,
        t9_0.id_teacher,
        t9_0.branch,
        t9_0.comments,
        t9_0.id_person,
        p8_0.surname,
        p8_0.teacher_id_teacher,
        p8_0.termination_date,
        p8_0.username,
        p1_0.termination_date,
        p1_0.username 
    from
        persons p1_0 
    left join
        students s1_0 
            on s1_0.id_student=p1_0.student_id_student 
    left join
        persons p2_0 
            on p2_0.id_person=s1_0.id_person 
    left join
        teachers t1_0 
            on t1_0.id_teacher=p2_0.teacher_id_teacher 
    left join
        persons p3_0 
            on p3_0.id_person=t1_0.id_person 
    left join
        teachers t3_0 
            on t3_0.id_teacher=s1_0.id_teacher 
    left join
        persons p4_0 
            on p4_0.id_person=t3_0.id_person 
    left join
        teachers t4_0 
            on t4_0.id_teacher=p4_0.teacher_id_teacher 
    left join
        (students_subjects s5_0 
    join
        subjects s5_1 
            on s5_1.id_subject=s5_0.subjects_id_subject) 
                on s1_0.id_student=s5_0.student_id_student 
        left join
            teachers t5_0 
                on t5_0.id_teacher=s5_1.id_teacher 
        left join
            persons p6_0 
                on p6_0.id_person=t5_0.id_person 
        left join
            teachers t6_0 
                on t6_0.id_teacher=p6_0.teacher_id_teacher 
        left join
            teachers t7_0 
                on t7_0.id_teacher=p1_0.teacher_id_teacher 
        left join
            persons p8_0 
                on p8_0.id_person=t7_0.id_person 
        left join
            students s7_0 
                on s7_0.id_student=p8_0.student_id_student 
        left join
            persons p9_0 
                on p9_0.id_person=s7_0.id_person 
        left join
            teachers t9_0 
                on t9_0.id_teacher=s7_0.id_teacher 
        where
            p1_0.id_person=?
Hibernate: 
    insert 
    into
        persons
        (active,city,company_email,created_date,image_url,name,password,personal_email,student_id_student,surname,teacher_id_teacher,termination_date,username,id_person) 
    values
        (?,?,?,?,?,?,?,?,?,?,?,?,?,?)
Hibernate: 
    select
        p1_0.id_person,
        p1_0.active,
        p1_0.city,
        p1_0.company_email,
        p1_0.created_date,
        p1_0.image_url,
        p1_0.name,
        p1_0.password,
        p1_0.personal_email,
        s1_0.id_student,
        s1_0.branch,
        s1_0.comments,
        s1_0.num_hours_week,
        p2_0.id_person,
        p2_0.active,
        p2_0.city,
        p2_0.company_email,
        p2_0.created_date,
        p2_0.image_url,
        p2_0.name,
        p2_0.password,
        p2_0.personal_email,
        p2_0.student_id_student,
        p2_0.surname,
        t1_0.id_teacher,
        t1_0.branch,
        t1_0.comments,
        p3_0.id_person,
        p3_0.active,
        p3_0.city,
        p3_0.company_email,
        p3_0.created_date,
        p3_0.image_url,
        p3_0.name,
        p3_0.password,
        p3_0.personal_email,
        p3_0.student_id_student,
        p3_0.surname,
        p3_0.teacher_id_teacher,
        p3_0.termination_date,
        p3_0.username,
        p2_0.termination_date,
        p2_0.username,
        t3_0.id_teacher,
        t3_0.branch,
        t3_0.comments,
        p4_0.id_person,
        p4_0.active,
        p4_0.city,
        p4_0.company_email,
        p4_0.created_date,
        p4_0.image_url,
        p4_0.name,
        p4_0.password,
        p4_0.personal_email,
        p4_0.student_id_student,
        p4_0.surname,
        t4_0.id_teacher,
        t4_0.branch,
        t4_0.comments,
        t4_0.id_person,
        p4_0.termination_date,
        p4_0.username,
        s5_0.student_id_student,
        s5_1.id_subject,
        s5_1.comments,
        s5_1.finish_date,
        s5_1.initial_date,
        s5_1.name,
        t5_0.id_teacher,
        t5_0.branch,
        t5_0.comments,
        p6_0.id_person,
        p6_0.active,
        p6_0.city,
        p6_0.company_email,
        p6_0.created_date,
        p6_0.image_url,
        p6_0.name,
        p6_0.password,
        p6_0.personal_email,
        p6_0.student_id_student,
        p6_0.surname,
        t6_0.id_teacher,
        t6_0.branch,
        t6_0.comments,
        t6_0.id_person,
        p6_0.termination_date,
        p6_0.username,
        p1_0.surname,
        t7_0.id_teacher,
        t7_0.branch,
        t7_0.comments,
        p8_0.id_person,
        p8_0.active,
        p8_0.city,
        p8_0.company_email,
        p8_0.created_date,
        p8_0.image_url,
        p8_0.name,
        p8_0.password,
        p8_0.personal_email,
        s7_0.id_student,
        s7_0.branch,
        s7_0.comments,
        s7_0.num_hours_week,
        p9_0.id_person,
        p9_0.active,
        p9_0.city,
        p9_0.company_email,
        p9_0.created_date,
        p9_0.image_url,
        p9_0.name,
        p9_0.password,
        p9_0.personal_email,
        p9_0.student_id_student,
        p9_0.surname,
        p9_0.teacher_id_teacher,
        p9_0.termination_date,
        p9_0.username,
        t9_0.id_teacher,
        t9_0.branch,
        t9_0.comments,
        t9_0.id_person,
        p8_0.surname,
        p8_0.teacher_id_teacher,
        p8_0.termination_date,
        p8_0.username,
        p1_0.termination_date,
        p1_0.username 
    from
        persons p1_0 
    left join
        students s1_0 
            on s1_0.id_student=p1_0.student_id_student 
    left join
        persons p2_0 
            on p2_0.id_person=s1_0.id_person 
    left join
        teachers t1_0 
            on t1_0.id_teacher=p2_0.teacher_id_teacher 
    left join
        persons p3_0 
            on p3_0.id_person=t1_0.id_person 
    left join
        teachers t3_0 
            on t3_0.id_teacher=s1_0.id_teacher 
    left join
        persons p4_0 
            on p4_0.id_person=t3_0.id_person 
    left join
        teachers t4_0 
            on t4_0.id_teacher=p4_0.teacher_id_teacher 
    left join
        (students_subjects s5_0 
    join
        subjects s5_1 
            on s5_1.id_subject=s5_0.subjects_id_subject) 
                on s1_0.id_student=s5_0.student_id_student 
        left join
            teachers t5_0 
                on t5_0.id_teacher=s5_1.id_teacher 
        left join
            persons p6_0 
                on p6_0.id_person=t5_0.id_person 
        left join
            teachers t6_0 
                on t6_0.id_teacher=p6_0.teacher_id_teacher 
        left join
            teachers t7_0 
                on t7_0.id_teacher=p1_0.teacher_id_teacher 
        left join
            persons p8_0 
                on p8_0.id_person=t7_0.id_person 
        left join
            students s7_0 
                on s7_0.id_student=p8_0.student_id_student 
        left join
            persons p9_0 
                on p9_0.id_person=s7_0.id_person 
        left join
            teachers t9_0 
                on t9_0.id_teacher=s7_0.id_teacher 
        where
            p1_0.id_person=?
Hibernate: 
    insert 
    into
        persons
        (active,city,company_email,created_date,image_url,name,password,personal_email,student_id_student,surname,teacher_id_teacher,termination_date,username,id_person) 
    values
        (?,?,?,?,?,?,?,?,?,?,?,?,?,?)
Hibernate: 
    select
        p1_0.id_person,
        p1_0.active,
        p1_0.city,
        p1_0.company_email,
        p1_0.created_date,
        p1_0.image_url,
        p1_0.name,
        p1_0.password,
        p1_0.personal_email,
        p1_0.student_id_student,
        p1_0.surname,
        p1_0.teacher_id_teacher,
        p1_0.termination_date,
        p1_0.username 
    from
        persons p1_0
Hibernate: 
    select
        p1_0.id_person,
        p1_0.active,
        p1_0.city,
        p1_0.company_email,
        p1_0.created_date,
        p1_0.image_url,
        p1_0.name,
        p1_0.password,
        p1_0.personal_email,
        p1_0.student_id_student,
        p1_0.surname,
        p1_0.teacher_id_teacher,
        p1_0.termination_date,
        p1_0.username 
    from
        persons p1_0
Hibernate: 
    select
        p1_0.id_person,
        p1_0.active,
        p1_0.city,
        p1_0.company_email,
        p1_0.created_date,
        p1_0.image_url,
        p1_0.name,
        p1_0.password,
        p1_0.personal_email,
        p1_0.student_id_student,
        p1_0.surname,
        p1_0.teacher_id_teacher,
        p1_0.termination_date,
        p1_0.username 
    from
        persons p1_0
Hibernate: 
    delete 
    from
        persons 
    where
        id_person=?
Hibernate: 
    delete 
    from
        persons 
    where
        id_person=?
]]></system-out>
  </testcase>
  <testcase name="addPerson" classname="com.example.block7crudvalidation.infrastructure.controller.PersonControllerTest" time="0.048">
    <system-out><![CDATA[Hibernate: 
    insert 
    into
        persons
        (active,city,company_email,created_date,image_url,name,password,personal_email,student_id_student,surname,teacher_id_teacher,termination_date,username,id_person) 
    values
        (?,?,?,?,?,?,?,?,?,?,?,?,?,?)
Hibernate: 
    select
        p1_0.id_person,
        p1_0.active,
        p1_0.city,
        p1_0.company_email,
        p1_0.created_date,
        p1_0.image_url,
        p1_0.name,
        p1_0.password,
        p1_0.personal_email,
        p1_0.student_id_student,
        p1_0.surname,
        p1_0.teacher_id_teacher,
        p1_0.termination_date,
        p1_0.username 
    from
        persons p1_0
Hibernate: 
    select
        p1_0.id_person,
        p1_0.active,
        p1_0.city,
        p1_0.company_email,
        p1_0.created_date,
        p1_0.image_url,
        p1_0.name,
        p1_0.password,
        p1_0.personal_email,
        p1_0.student_id_student,
        p1_0.surname,
        p1_0.teacher_id_teacher,
        p1_0.termination_date,
        p1_0.username 
    from
        persons p1_0
Hibernate: 
    delete 
    from
        persons 
    where
        id_person=?
]]></system-out>
  </testcase>
  <testcase name="testDeletePerson" classname="com.example.block7crudvalidation.infrastructure.controller.PersonControllerTest" time="0.503">
    <system-out><![CDATA[Hibernate: 
    select
        p1_0.id_person,
        p1_0.active,
        p1_0.city,
        p1_0.company_email,
        p1_0.created_date,
        p1_0.image_url,
        p1_0.name,
        p1_0.password,
        p1_0.personal_email,
        s1_0.id_student,
        s1_0.branch,
        s1_0.comments,
        s1_0.num_hours_week,
        p2_0.id_person,
        p2_0.active,
        p2_0.city,
        p2_0.company_email,
        p2_0.created_date,
        p2_0.image_url,
        p2_0.name,
        p2_0.password,
        p2_0.personal_email,
        p2_0.student_id_student,
        p2_0.surname,
        t1_0.id_teacher,
        t1_0.branch,
        t1_0.comments,
        p3_0.id_person,
        p3_0.active,
        p3_0.city,
        p3_0.company_email,
        p3_0.created_date,
        p3_0.image_url,
        p3_0.name,
        p3_0.password,
        p3_0.personal_email,
        p3_0.student_id_student,
        p3_0.surname,
        p3_0.teacher_id_teacher,
        p3_0.termination_date,
        p3_0.username,
        p2_0.termination_date,
        p2_0.username,
        t3_0.id_teacher,
        t3_0.branch,
        t3_0.comments,
        p4_0.id_person,
        p4_0.active,
        p4_0.city,
        p4_0.company_email,
        p4_0.created_date,
        p4_0.image_url,
        p4_0.name,
        p4_0.password,
        p4_0.personal_email,
        p4_0.student_id_student,
        p4_0.surname,
        t4_0.id_teacher,
        t4_0.branch,
        t4_0.comments,
        t4_0.id_person,
        p4_0.termination_date,
        p4_0.username,
        s5_0.student_id_student,
        s5_1.id_subject,
        s5_1.comments,
        s5_1.finish_date,
        s5_1.initial_date,
        s5_1.name,
        t5_0.id_teacher,
        t5_0.branch,
        t5_0.comments,
        p6_0.id_person,
        p6_0.active,
        p6_0.city,
        p6_0.company_email,
        p6_0.created_date,
        p6_0.image_url,
        p6_0.name,
        p6_0.password,
        p6_0.personal_email,
        p6_0.student_id_student,
        p6_0.surname,
        t6_0.id_teacher,
        t6_0.branch,
        t6_0.comments,
        t6_0.id_person,
        p6_0.termination_date,
        p6_0.username,
        p1_0.surname,
        t7_0.id_teacher,
        t7_0.branch,
        t7_0.comments,
        p8_0.id_person,
        p8_0.active,
        p8_0.city,
        p8_0.company_email,
        p8_0.created_date,
        p8_0.image_url,
        p8_0.name,
        p8_0.password,
        p8_0.personal_email,
        s7_0.id_student,
        s7_0.branch,
        s7_0.comments,
        s7_0.num_hours_week,
        p9_0.id_person,
        p9_0.active,
        p9_0.city,
        p9_0.company_email,
        p9_0.created_date,
        p9_0.image_url,
        p9_0.name,
        p9_0.password,
        p9_0.personal_email,
        p9_0.student_id_student,
        p9_0.surname,
        p9_0.teacher_id_teacher,
        p9_0.termination_date,
        p9_0.username,
        t9_0.id_teacher,
        t9_0.branch,
        t9_0.comments,
        t9_0.id_person,
        p8_0.surname,
        p8_0.teacher_id_teacher,
        p8_0.termination_date,
        p8_0.username,
        p1_0.termination_date,
        p1_0.username 
    from
        persons p1_0 
    left join
        students s1_0 
            on s1_0.id_student=p1_0.student_id_student 
    left join
        persons p2_0 
            on p2_0.id_person=s1_0.id_person 
    left join
        teachers t1_0 
            on t1_0.id_teacher=p2_0.teacher_id_teacher 
    left join
        persons p3_0 
            on p3_0.id_person=t1_0.id_person 
    left join
        teachers t3_0 
            on t3_0.id_teacher=s1_0.id_teacher 
    left join
        persons p4_0 
            on p4_0.id_person=t3_0.id_person 
    left join
        teachers t4_0 
            on t4_0.id_teacher=p4_0.teacher_id_teacher 
    left join
        (students_subjects s5_0 
    join
        subjects s5_1 
            on s5_1.id_subject=s5_0.subjects_id_subject) 
                on s1_0.id_student=s5_0.student_id_student 
        left join
            teachers t5_0 
                on t5_0.id_teacher=s5_1.id_teacher 
        left join
            persons p6_0 
                on p6_0.id_person=t5_0.id_person 
        left join
            teachers t6_0 
                on t6_0.id_teacher=p6_0.teacher_id_teacher 
        left join
            teachers t7_0 
                on t7_0.id_teacher=p1_0.teacher_id_teacher 
        left join
            persons p8_0 
                on p8_0.id_person=t7_0.id_person 
        left join
            students s7_0 
                on s7_0.id_student=p8_0.student_id_student 
        left join
            persons p9_0 
                on p9_0.id_person=s7_0.id_person 
        left join
            teachers t9_0 
                on t9_0.id_teacher=s7_0.id_teacher 
        where
            p1_0.id_person=?
Hibernate: 
    insert 
    into
        persons
        (active,city,company_email,created_date,image_url,name,password,personal_email,student_id_student,surname,teacher_id_teacher,termination_date,username,id_person) 
    values
        (?,?,?,?,?,?,?,?,?,?,?,?,?,?)
Hibernate: 
    select
        p1_0.id_person,
        p1_0.active,
        p1_0.city,
        p1_0.company_email,
        p1_0.created_date,
        p1_0.image_url,
        p1_0.name,
        p1_0.password,
        p1_0.personal_email,
        s1_0.id_student,
        s1_0.branch,
        s1_0.comments,
        s1_0.num_hours_week,
        p2_0.id_person,
        p2_0.active,
        p2_0.city,
        p2_0.company_email,
        p2_0.created_date,
        p2_0.image_url,
        p2_0.name,
        p2_0.password,
        p2_0.personal_email,
        p2_0.student_id_student,
        p2_0.surname,
        t1_0.id_teacher,
        t1_0.branch,
        t1_0.comments,
        p3_0.id_person,
        p3_0.active,
        p3_0.city,
        p3_0.company_email,
        p3_0.created_date,
        p3_0.image_url,
        p3_0.name,
        p3_0.password,
        p3_0.personal_email,
        p3_0.student_id_student,
        p3_0.surname,
        p3_0.teacher_id_teacher,
        p3_0.termination_date,
        p3_0.username,
        p2_0.termination_date,
        p2_0.username,
        t3_0.id_teacher,
        t3_0.branch,
        t3_0.comments,
        p4_0.id_person,
        p4_0.active,
        p4_0.city,
        p4_0.company_email,
        p4_0.created_date,
        p4_0.image_url,
        p4_0.name,
        p4_0.password,
        p4_0.personal_email,
        p4_0.student_id_student,
        p4_0.surname,
        t4_0.id_teacher,
        t4_0.branch,
        t4_0.comments,
        t4_0.id_person,
        p4_0.termination_date,
        p4_0.username,
        s5_0.student_id_student,
        s5_1.id_subject,
        s5_1.comments,
        s5_1.finish_date,
        s5_1.initial_date,
        s5_1.name,
        t5_0.id_teacher,
        t5_0.branch,
        t5_0.comments,
        p6_0.id_person,
        p6_0.active,
        p6_0.city,
        p6_0.company_email,
        p6_0.created_date,
        p6_0.image_url,
        p6_0.name,
        p6_0.password,
        p6_0.personal_email,
        p6_0.student_id_student,
        p6_0.surname,
        t6_0.id_teacher,
        t6_0.branch,
        t6_0.comments,
        t6_0.id_person,
        p6_0.termination_date,
        p6_0.username,
        p1_0.surname,
        t7_0.id_teacher,
        t7_0.branch,
        t7_0.comments,
        p8_0.id_person,
        p8_0.active,
        p8_0.city,
        p8_0.company_email,
        p8_0.created_date,
        p8_0.image_url,
        p8_0.name,
        p8_0.password,
        p8_0.personal_email,
        s7_0.id_student,
        s7_0.branch,
        s7_0.comments,
        s7_0.num_hours_week,
        p9_0.id_person,
        p9_0.active,
        p9_0.city,
        p9_0.company_email,
        p9_0.created_date,
        p9_0.image_url,
        p9_0.name,
        p9_0.password,
        p9_0.personal_email,
        p9_0.student_id_student,
        p9_0.surname,
        p9_0.teacher_id_teacher,
        p9_0.termination_date,
        p9_0.username,
        t9_0.id_teacher,
        t9_0.branch,
        t9_0.comments,
        t9_0.id_person,
        p8_0.surname,
        p8_0.teacher_id_teacher,
        p8_0.termination_date,
        p8_0.username,
        p1_0.termination_date,
        p1_0.username 
    from
        persons p1_0 
    left join
        students s1_0 
            on s1_0.id_student=p1_0.student_id_student 
    left join
        persons p2_0 
            on p2_0.id_person=s1_0.id_person 
    left join
        teachers t1_0 
            on t1_0.id_teacher=p2_0.teacher_id_teacher 
    left join
        persons p3_0 
            on p3_0.id_person=t1_0.id_person 
    left join
        teachers t3_0 
            on t3_0.id_teacher=s1_0.id_teacher 
    left join
        persons p4_0 
            on p4_0.id_person=t3_0.id_person 
    left join
        teachers t4_0 
            on t4_0.id_teacher=p4_0.teacher_id_teacher 
    left join
        (students_subjects s5_0 
    join
        subjects s5_1 
            on s5_1.id_subject=s5_0.subjects_id_subject) 
                on s1_0.id_student=s5_0.student_id_student 
        left join
            teachers t5_0 
                on t5_0.id_teacher=s5_1.id_teacher 
        left join
            persons p6_0 
                on p6_0.id_person=t5_0.id_person 
        left join
            teachers t6_0 
                on t6_0.id_teacher=p6_0.teacher_id_teacher 
        left join
            teachers t7_0 
                on t7_0.id_teacher=p1_0.teacher_id_teacher 
        left join
            persons p8_0 
                on p8_0.id_person=t7_0.id_person 
        left join
            students s7_0 
                on s7_0.id_student=p8_0.student_id_student 
        left join
            persons p9_0 
                on p9_0.id_person=s7_0.id_person 
        left join
            teachers t9_0 
                on t9_0.id_teacher=s7_0.id_teacher 
        where
            p1_0.id_person=?
Hibernate: 
    delete 
    from
        persons 
    where
        id_person=?
Hibernate: 
    select
        count(*) 
    from
        persons p1_0
Hibernate: 
    select
        p1_0.id_person,
        p1_0.active,
        p1_0.city,
        p1_0.company_email,
        p1_0.created_date,
        p1_0.image_url,
        p1_0.name,
        p1_0.password,
        p1_0.personal_email,
        p1_0.student_id_student,
        p1_0.surname,
        p1_0.teacher_id_teacher,
        p1_0.termination_date,
        p1_0.username 
    from
        persons p1_0
]]></system-out>
  </testcase>
  <testcase name="testGetPersonId" classname="com.example.block7crudvalidation.infrastructure.controller.PersonControllerTest" time="0.035">
    <system-out><![CDATA[Hibernate: 
    select
        p1_0.id_person,
        p1_0.active,
        p1_0.city,
        p1_0.company_email,
        p1_0.created_date,
        p1_0.image_url,
        p1_0.name,
        p1_0.password,
        p1_0.personal_email,
        s1_0.id_student,
        s1_0.branch,
        s1_0.comments,
        s1_0.num_hours_week,
        p2_0.id_person,
        p2_0.active,
        p2_0.city,
        p2_0.company_email,
        p2_0.created_date,
        p2_0.image_url,
        p2_0.name,
        p2_0.password,
        p2_0.personal_email,
        p2_0.student_id_student,
        p2_0.surname,
        t1_0.id_teacher,
        t1_0.branch,
        t1_0.comments,
        p3_0.id_person,
        p3_0.active,
        p3_0.city,
        p3_0.company_email,
        p3_0.created_date,
        p3_0.image_url,
        p3_0.name,
        p3_0.password,
        p3_0.personal_email,
        p3_0.student_id_student,
        p3_0.surname,
        p3_0.teacher_id_teacher,
        p3_0.termination_date,
        p3_0.username,
        p2_0.termination_date,
        p2_0.username,
        t3_0.id_teacher,
        t3_0.branch,
        t3_0.comments,
        p4_0.id_person,
        p4_0.active,
        p4_0.city,
        p4_0.company_email,
        p4_0.created_date,
        p4_0.image_url,
        p4_0.name,
        p4_0.password,
        p4_0.personal_email,
        p4_0.student_id_student,
        p4_0.surname,
        t4_0.id_teacher,
        t4_0.branch,
        t4_0.comments,
        t4_0.id_person,
        p4_0.termination_date,
        p4_0.username,
        s5_0.student_id_student,
        s5_1.id_subject,
        s5_1.comments,
        s5_1.finish_date,
        s5_1.initial_date,
        s5_1.name,
        t5_0.id_teacher,
        t5_0.branch,
        t5_0.comments,
        p6_0.id_person,
        p6_0.active,
        p6_0.city,
        p6_0.company_email,
        p6_0.created_date,
        p6_0.image_url,
        p6_0.name,
        p6_0.password,
        p6_0.personal_email,
        p6_0.student_id_student,
        p6_0.surname,
        t6_0.id_teacher,
        t6_0.branch,
        t6_0.comments,
        t6_0.id_person,
        p6_0.termination_date,
        p6_0.username,
        p1_0.surname,
        t7_0.id_teacher,
        t7_0.branch,
        t7_0.comments,
        p8_0.id_person,
        p8_0.active,
        p8_0.city,
        p8_0.company_email,
        p8_0.created_date,
        p8_0.image_url,
        p8_0.name,
        p8_0.password,
        p8_0.personal_email,
        s7_0.id_student,
        s7_0.branch,
        s7_0.comments,
        s7_0.num_hours_week,
        p9_0.id_person,
        p9_0.active,
        p9_0.city,
        p9_0.company_email,
        p9_0.created_date,
        p9_0.image_url,
        p9_0.name,
        p9_0.password,
        p9_0.personal_email,
        p9_0.student_id_student,
        p9_0.surname,
        p9_0.teacher_id_teacher,
        p9_0.termination_date,
        p9_0.username,
        t9_0.id_teacher,
        t9_0.branch,
        t9_0.comments,
        t9_0.id_person,
        p8_0.surname,
        p8_0.teacher_id_teacher,
        p8_0.termination_date,
        p8_0.username,
        p1_0.termination_date,
        p1_0.username 
    from
        persons p1_0 
    left join
        students s1_0 
            on s1_0.id_student=p1_0.student_id_student 
    left join
        persons p2_0 
            on p2_0.id_person=s1_0.id_person 
    left join
        teachers t1_0 
            on t1_0.id_teacher=p2_0.teacher_id_teacher 
    left join
        persons p3_0 
            on p3_0.id_person=t1_0.id_person 
    left join
        teachers t3_0 
            on t3_0.id_teacher=s1_0.id_teacher 
    left join
        persons p4_0 
            on p4_0.id_person=t3_0.id_person 
    left join
        teachers t4_0 
            on t4_0.id_teacher=p4_0.teacher_id_teacher 
    left join
        (students_subjects s5_0 
    join
        subjects s5_1 
            on s5_1.id_subject=s5_0.subjects_id_subject) 
                on s1_0.id_student=s5_0.student_id_student 
        left join
            teachers t5_0 
                on t5_0.id_teacher=s5_1.id_teacher 
        left join
            persons p6_0 
                on p6_0.id_person=t5_0.id_person 
        left join
            teachers t6_0 
                on t6_0.id_teacher=p6_0.teacher_id_teacher 
        left join
            teachers t7_0 
                on t7_0.id_teacher=p1_0.teacher_id_teacher 
        left join
            persons p8_0 
                on p8_0.id_person=t7_0.id_person 
        left join
            students s7_0 
                on s7_0.id_student=p8_0.student_id_student 
        left join
            persons p9_0 
                on p9_0.id_person=s7_0.id_person 
        left join
            teachers t9_0 
                on t9_0.id_teacher=s7_0.id_teacher 
        where
            p1_0.id_person=?
Hibernate: 
    insert 
    into
        persons
        (active,city,company_email,created_date,image_url,name,password,personal_email,student_id_student,surname,teacher_id_teacher,termination_date,username,id_person) 
    values
        (?,?,?,?,?,?,?,?,?,?,?,?,?,?)
Hibernate: 
    select
        p1_0.id_person,
        p1_0.active,
        p1_0.city,
        p1_0.company_email,
        p1_0.created_date,
        p1_0.image_url,
        p1_0.name,
        p1_0.password,
        p1_0.personal_email,
        s1_0.id_student,
        s1_0.branch,
        s1_0.comments,
        s1_0.num_hours_week,
        p2_0.id_person,
        p2_0.active,
        p2_0.city,
        p2_0.company_email,
        p2_0.created_date,
        p2_0.image_url,
        p2_0.name,
        p2_0.password,
        p2_0.personal_email,
        p2_0.student_id_student,
        p2_0.surname,
        t1_0.id_teacher,
        t1_0.branch,
        t1_0.comments,
        p3_0.id_person,
        p3_0.active,
        p3_0.city,
        p3_0.company_email,
        p3_0.created_date,
        p3_0.image_url,
        p3_0.name,
        p3_0.password,
        p3_0.personal_email,
        p3_0.student_id_student,
        p3_0.surname,
        p3_0.teacher_id_teacher,
        p3_0.termination_date,
        p3_0.username,
        p2_0.termination_date,
        p2_0.username,
        t3_0.id_teacher,
        t3_0.branch,
        t3_0.comments,
        p4_0.id_person,
        p4_0.active,
        p4_0.city,
        p4_0.company_email,
        p4_0.created_date,
        p4_0.image_url,
        p4_0.name,
        p4_0.password,
        p4_0.personal_email,
        p4_0.student_id_student,
        p4_0.surname,
        t4_0.id_teacher,
        t4_0.branch,
        t4_0.comments,
        t4_0.id_person,
        p4_0.termination_date,
        p4_0.username,
        s5_0.student_id_student,
        s5_1.id_subject,
        s5_1.comments,
        s5_1.finish_date,
        s5_1.initial_date,
        s5_1.name,
        t5_0.id_teacher,
        t5_0.branch,
        t5_0.comments,
        p6_0.id_person,
        p6_0.active,
        p6_0.city,
        p6_0.company_email,
        p6_0.created_date,
        p6_0.image_url,
        p6_0.name,
        p6_0.password,
        p6_0.personal_email,
        p6_0.student_id_student,
        p6_0.surname,
        t6_0.id_teacher,
        t6_0.branch,
        t6_0.comments,
        t6_0.id_person,
        p6_0.termination_date,
        p6_0.username,
        p1_0.surname,
        t7_0.id_teacher,
        t7_0.branch,
        t7_0.comments,
        p8_0.id_person,
        p8_0.active,
        p8_0.city,
        p8_0.company_email,
        p8_0.created_date,
        p8_0.image_url,
        p8_0.name,
        p8_0.password,
        p8_0.personal_email,
        s7_0.id_student,
        s7_0.branch,
        s7_0.comments,
        s7_0.num_hours_week,
        p9_0.id_person,
        p9_0.active,
        p9_0.city,
        p9_0.company_email,
        p9_0.created_date,
        p9_0.image_url,
        p9_0.name,
        p9_0.password,
        p9_0.personal_email,
        p9_0.student_id_student,
        p9_0.surname,
        p9_0.teacher_id_teacher,
        p9_0.termination_date,
        p9_0.username,
        t9_0.id_teacher,
        t9_0.branch,
        t9_0.comments,
        t9_0.id_person,
        p8_0.surname,
        p8_0.teacher_id_teacher,
        p8_0.termination_date,
        p8_0.username,
        p1_0.termination_date,
        p1_0.username 
    from
        persons p1_0 
    left join
        students s1_0 
            on s1_0.id_student=p1_0.student_id_student 
    left join
        persons p2_0 
            on p2_0.id_person=s1_0.id_person 
    left join
        teachers t1_0 
            on t1_0.id_teacher=p2_0.teacher_id_teacher 
    left join
        persons p3_0 
            on p3_0.id_person=t1_0.id_person 
    left join
        teachers t3_0 
            on t3_0.id_teacher=s1_0.id_teacher 
    left join
        persons p4_0 
            on p4_0.id_person=t3_0.id_person 
    left join
        teachers t4_0 
            on t4_0.id_teacher=p4_0.teacher_id_teacher 
    left join
        (students_subjects s5_0 
    join
        subjects s5_1 
            on s5_1.id_subject=s5_0.subjects_id_subject) 
                on s1_0.id_student=s5_0.student_id_student 
        left join
            teachers t5_0 
                on t5_0.id_teacher=s5_1.id_teacher 
        left join
            persons p6_0 
                on p6_0.id_person=t5_0.id_person 
        left join
            teachers t6_0 
                on t6_0.id_teacher=p6_0.teacher_id_teacher 
        left join
            teachers t7_0 
                on t7_0.id_teacher=p1_0.teacher_id_teacher 
        left join
            persons p8_0 
                on p8_0.id_person=t7_0.id_person 
        left join
            students s7_0 
                on s7_0.id_student=p8_0.student_id_student 
        left join
            persons p9_0 
                on p9_0.id_person=s7_0.id_person 
        left join
            teachers t9_0 
                on t9_0.id_teacher=s7_0.id_teacher 
        where
            p1_0.id_person=?
Hibernate: 
    select
        p1_0.id_person,
        p1_0.active,
        p1_0.city,
        p1_0.company_email,
        p1_0.created_date,
        p1_0.image_url,
        p1_0.name,
        p1_0.password,
        p1_0.personal_email,
        p1_0.student_id_student,
        p1_0.surname,
        p1_0.teacher_id_teacher,
        p1_0.termination_date,
        p1_0.username 
    from
        persons p1_0
Hibernate: 
    delete 
    from
        persons 
    where
        id_person=?
]]></system-out>
  </testcase>
</testsuite>