<?xml version="1.0" encoding="UTF-8"?>
<testsuite xmlns:xsi="http://www.w3.org/2001/XMLSchema-instance" xsi:noNamespaceSchemaLocation="https://maven.apache.org/surefire/maven-surefire-plugin/xsd/surefire-test-report-3.0.xsd" version="3.0" name="com.example.block7crudvalidation.infrastructure.controller.TeacherControllerTest" time="0.153" tests="5" errors="5" skipped="0" failures="0">
  <properties>
[...]
</properties>
  <testcase name="getAllTeachers" classname="com.example.block7crudvalidation.infrastructure.controller.TeacherControllerTest" time="0.021">
    <error message="No person found with id: 1" type="java.lang.RuntimeException"><![CDATA[java.lang.RuntimeException: No person found with id: 1
	at com.example.block7crudvalidation.teacher.application.TeacherServiceImpl.lambda$addTeacher$0(TeacherServiceImpl.java:27)
	at java.base/java.util.Optional.orElseThrow(Optional.java:403)
	at com.example.block7crudvalidation.teacher.application.TeacherServiceImpl.addTeacher(TeacherServiceImpl.java:27)
	at com.example.block7crudvalidation.infrastructure.controller.TeacherControllerTest.getAllTeachers(TeacherControllerTest.java:95)
	at java.base/jdk.internal.reflect.NativeMethodAccessorImpl.invoke0(Native Method)
	at java.base/jdk.internal.reflect.NativeMethodAccessorImpl.invoke(NativeMethodAccessorImpl.java:77)
	at java.base/jdk.internal.reflect.DelegatingMethodAccessorImpl.invoke(DelegatingMethodAccessorImpl.java:43)
	at java.base/java.lang.reflect.Method.invoke(Method.java:568)
	at org.junit.platform.commons.util.ReflectionUtils.invokeMethod(ReflectionUtils.java:727)
	at org.junit.jupiter.engine.execution.MethodInvocation.proceed(MethodInvocation.java:60)
	at org.junit.jupiter.engine.execution.InvocationInterceptorChain$ValidatingInvocation.proceed(InvocationInterceptorChain.java:131)
	at org.junit.jupiter.engine.extension.TimeoutExtension.intercept(TimeoutExtension.java:156)
	at org.junit.jupiter.engine.extension.TimeoutExtension.interceptTestableMethod(TimeoutExtension.java:147)
	at org.junit.jupiter.engine.extension.TimeoutExtension.interceptTestMethod(TimeoutExtension.java:86)
	at org.junit.jupiter.engine.execution.InterceptingExecutableInvoker$ReflectiveInterceptorCall.lambda$ofVoidMethod$0(InterceptingExecutableInvoker.java:103)
	at org.junit.jupiter.engine.execution.InterceptingExecutableInvoker.lambda$invoke$0(InterceptingExecutableInvoker.java:93)
	at org.junit.jupiter.engine.execution.InvocationInterceptorChain$InterceptedInvocation.proceed(InvocationInterceptorChain.java:106)
	at org.junit.jupiter.engine.execution.InvocationInterceptorChain.proceed(InvocationInterceptorChain.java:64)
	at org.junit.jupiter.engine.execution.InvocationInterceptorChain.chainAndInvoke(InvocationInterceptorChain.java:45)
	at org.junit.jupiter.engine.execution.InvocationInterceptorChain.invoke(InvocationInterceptorChain.java:37)
	at org.junit.jupiter.engine.execution.InterceptingExecutableInvoker.invoke(InterceptingExecutableInvoker.java:92)
	at org.junit.jupiter.engine.execution.InterceptingExecutableInvoker.invoke(InterceptingExecutableInvoker.java:86)
	at org.junit.jupiter.engine.descriptor.TestMethodTestDescriptor.lambda$invokeTestMethod$7(TestMethodTestDescriptor.java:217)
	at org.junit.platform.engine.support.hierarchical.ThrowableCollector.execute(ThrowableCollector.java:73)
	at org.junit.jupiter.engine.descriptor.TestMethodTestDescriptor.invokeTestMethod(TestMethodTestDescriptor.java:213)
	at org.junit.jupiter.engine.descriptor.TestMethodTestDescriptor.execute(TestMethodTestDescriptor.java:138)
	at org.junit.jupiter.engine.descriptor.TestMethodTestDescriptor.execute(TestMethodTestDescriptor.java:68)
	at org.junit.platform.engine.support.hierarchical.NodeTestTask.lambda$executeRecursively$6(NodeTestTask.java:151)
	at org.junit.platform.engine.support.hierarchical.ThrowableCollector.execute(ThrowableCollector.java:73)
	at org.junit.platform.engine.support.hierarchical.NodeTestTask.lambda$executeRecursively$8(NodeTestTask.java:141)
	at org.junit.platform.engine.support.hierarchical.Node.around(Node.java:137)
	at org.junit.platform.engine.support.hierarchical.NodeTestTask.lambda$executeRecursively$9(NodeTestTask.java:139)
	at org.junit.platform.engine.support.hierarchical.ThrowableCollector.execute(ThrowableCollector.java:73)
	at org.junit.platform.engine.support.hierarchical.NodeTestTask.executeRecursively(NodeTestTask.java:138)
	at org.junit.platform.engine.support.hierarchical.NodeTestTask.execute(NodeTestTask.java:95)
	at java.base/java.util.ArrayList.forEach(ArrayList.java:1511)
	at org.junit.platform.engine.support.hierarchical.SameThreadHierarchicalTestExecutorService.invokeAll(SameThreadHierarchicalTestExecutorService.java:41)
	at org.junit.platform.engine.support.hierarchical.NodeTestTask.lambda$executeRecursively$6(NodeTestTask.java:155)
	at org.junit.platform.engine.support.hierarchical.ThrowableCollector.execute(ThrowableCollector.java:73)
	at org.junit.platform.engine.support.hierarchical.NodeTestTask.lambda$executeRecursively$8(NodeTestTask.java:141)
	at org.junit.platform.engine.support.hierarchical.Node.around(Node.java:137)
	at org.junit.platform.engine.support.hierarchical.NodeTestTask.lambda$executeRecursively$9(NodeTestTask.java:139)
	at org.junit.platform.engine.support.hierarchical.ThrowableCollector.execute(ThrowableCollector.java:73)
	at org.junit.platform.engine.support.hierarchical.NodeTestTask.executeRecursively(NodeTestTask.java:138)
	at org.junit.platform.engine.support.hierarchical.NodeTestTask.execute(NodeTestTask.java:95)
	at java.base/java.util.ArrayList.forEach(ArrayList.java:1511)
	at org.junit.platform.engine.support.hierarchical.SameThreadHierarchicalTestExecutorService.invokeAll(SameThreadHierarchicalTestExecutorService.java:41)
	at org.junit.platform.engine.support.hierarchical.NodeTestTask.lambda$executeRecursively$6(NodeTestTask.java:155)
	at org.junit.platform.engine.support.hierarchical.ThrowableCollector.execute(ThrowableCollector.java:73)
	at org.junit.platform.engine.support.hierarchical.NodeTestTask.lambda$executeRecursively$8(NodeTestTask.java:141)
	at org.junit.platform.engine.support.hierarchical.Node.around(Node.java:137)
	at org.junit.platform.engine.support.hierarchical.NodeTestTask.lambda$executeRecursively$9(NodeTestTask.java:139)
	at org.junit.platform.engine.support.hierarchical.ThrowableCollector.execute(ThrowableCollector.java:73)
	at org.junit.platform.engine.support.hierarchical.NodeTestTask.executeRecursively(NodeTestTask.java:138)
	at org.junit.platform.engine.support.hierarchical.NodeTestTask.execute(NodeTestTask.java:95)
	at org.junit.platform.engine.support.hierarchical.SameThreadHierarchicalTestExecutorService.submit(SameThreadHierarchicalTestExecutorService.java:35)
	at org.junit.platform.engine.support.hierarchical.HierarchicalTestExecutor.execute(HierarchicalTestExecutor.java:57)
	at org.junit.platform.engine.support.hierarchical.HierarchicalTestEngine.execute(HierarchicalTestEngine.java:54)
	at org.junit.platform.launcher.core.EngineExecutionOrchestrator.execute(EngineExecutionOrchestrator.java:147)
	at org.junit.platform.launcher.core.EngineExecutionOrchestrator.execute(EngineExecutionOrchestrator.java:127)
	at org.junit.platform.launcher.core.EngineExecutionOrchestrator.execute(EngineExecutionOrchestrator.java:90)
	at org.junit.platform.launcher.core.EngineExecutionOrchestrator.lambda$execute$0(EngineExecutionOrchestrator.java:55)
	at org.junit.platform.launcher.core.EngineExecutionOrchestrator.withInterceptedStreams(EngineExecutionOrchestrator.java:102)
	at org.junit.platform.launcher.core.EngineExecutionOrchestrator.execute(EngineExecutionOrchestrator.java:54)
	at org.junit.platform.launcher.core.DefaultLauncher.execute(DefaultLauncher.java:114)
	at org.junit.platform.launcher.core.DefaultLauncher.execute(DefaultLauncher.java:86)
	at org.junit.platform.launcher.core.DefaultLauncherSession$DelegatingLauncher.execute(DefaultLauncherSession.java:86)
	at org.apache.maven.surefire.junitplatform.LazyLauncher.execute(LazyLauncher.java:50)
	at org.apache.maven.surefire.junitplatform.JUnitPlatformProvider.execute(JUnitPlatformProvider.java:184)
	at org.apache.maven.surefire.junitplatform.JUnitPlatformProvider.invokeAllTests(JUnitPlatformProvider.java:148)
	at org.apache.maven.surefire.junitplatform.JUnitPlatformProvider.invoke(JUnitPlatformProvider.java:122)
	at org.apache.maven.surefire.booter.ForkedBooter.runSuitesInProcess(ForkedBooter.java:385)
	at org.apache.maven.surefire.booter.ForkedBooter.execute(ForkedBooter.java:162)
	at org.apache.maven.surefire.booter.ForkedBooter.run(ForkedBooter.java:507)
	at org.apache.maven.surefire.booter.ForkedBooter.main(ForkedBooter.java:495)
]]></error>
    <system-out><![CDATA[2023-07-20T14:41:29.903+02:00  INFO 13848 --- [           main] t.c.s.AnnotationConfigContextLoaderUtils : Could not detect default configuration classes for test class [com.example.block7crudvalidation.infrastructure.controller.TeacherControllerTest]: TeacherControllerTest does not declare any static, non-private, non-final, nested classes annotated with @Configuration.
2023-07-20T14:41:29.913+02:00  INFO 13848 --- [           main] .b.t.c.SpringBootTestContextBootstrapper : Found @SpringBootConfiguration com.example.block7crudvalidation.Block7CrudValidationApplication for test class com.example.block7crudvalidation.infrastructure.controller.TeacherControllerTest
Hibernate: 
    insert 
    into
        persons
        (active,city,company_email,created_date,image_url,name,password,personal_email,student_id_student,surname,teacher_id_teacher,termination_date,username,id_person) 
    values
        (?,?,?,?,?,?,?,?,?,?,?,?,?,?)
Hibernate: 
    select
        p1_0.id_person,
        p1_0.active,
        p1_0.city,
        p1_0.company_email,
        p1_0.created_date,
        p1_0.image_url,
        p1_0.name,
        p1_0.password,
        p1_0.personal_email,
        s1_0.id_student,
        s1_0.branch,
        s1_0.comments,
        s1_0.num_hours_week,
        p2_0.id_person,
        p2_0.active,
        p2_0.city,
        p2_0.company_email,
        p2_0.created_date,
        p2_0.image_url,
        p2_0.name,
        p2_0.password,
        p2_0.personal_email,
        p2_0.student_id_student,
        p2_0.surname,
        t1_0.id_teacher,
        t1_0.branch,
        t1_0.comments,
        p3_0.id_person,
        p3_0.active,
        p3_0.city,
        p3_0.company_email,
        p3_0.created_date,
        p3_0.image_url,
        p3_0.name,
        p3_0.password,
        p3_0.personal_email,
        p3_0.student_id_student,
        p3_0.surname,
        p3_0.teacher_id_teacher,
        p3_0.termination_date,
        p3_0.username,
        p2_0.termination_date,
        p2_0.username,
        t3_0.id_teacher,
        t3_0.branch,
        t3_0.comments,
        p4_0.id_person,
        p4_0.active,
        p4_0.city,
        p4_0.company_email,
        p4_0.created_date,
        p4_0.image_url,
        p4_0.name,
        p4_0.password,
        p4_0.personal_email,
        p4_0.student_id_student,
        p4_0.surname,
        t4_0.id_teacher,
        t4_0.branch,
        t4_0.comments,
        t4_0.id_person,
        p4_0.termination_date,
        p4_0.username,
        s5_0.student_id_student,
        s5_1.id_subject,
        s5_1.comments,
        s5_1.finish_date,
        s5_1.initial_date,
        s5_1.name,
        t5_0.id_teacher,
        t5_0.branch,
        t5_0.comments,
        p6_0.id_person,
        p6_0.active,
        p6_0.city,
        p6_0.company_email,
        p6_0.created_date,
        p6_0.image_url,
        p6_0.name,
        p6_0.password,
        p6_0.personal_email,
        p6_0.student_id_student,
        p6_0.surname,
        t6_0.id_teacher,
        t6_0.branch,
        t6_0.comments,
        t6_0.id_person,
        p6_0.termination_date,
        p6_0.username,
        p1_0.surname,
        t7_0.id_teacher,
        t7_0.branch,
        t7_0.comments,
        p8_0.id_person,
        p8_0.active,
        p8_0.city,
        p8_0.company_email,
        p8_0.created_date,
        p8_0.image_url,
        p8_0.name,
        p8_0.password,
        p8_0.personal_email,
        s7_0.id_student,
        s7_0.branch,
        s7_0.comments,
        s7_0.num_hours_week,
        p9_0.id_person,
        p9_0.active,
        p9_0.city,
        p9_0.company_email,
        p9_0.created_date,
        p9_0.image_url,
        p9_0.name,
        p9_0.password,
        p9_0.personal_email,
        p9_0.student_id_student,
        p9_0.surname,
        p9_0.teacher_id_teacher,
        p9_0.termination_date,
        p9_0.username,
        t9_0.id_teacher,
        t9_0.branch,
        t9_0.comments,
        t9_0.id_person,
        p8_0.surname,
        p8_0.teacher_id_teacher,
        p8_0.termination_date,
        p8_0.username,
        p1_0.termination_date,
        p1_0.username 
    from
        persons p1_0 
    left join
        students s1_0 
            on s1_0.id_student=p1_0.student_id_student 
    left join
        persons p2_0 
            on p2_0.id_person=s1_0.id_person 
    left join
        teachers t1_0 
            on t1_0.id_teacher=p2_0.teacher_id_teacher 
    left join
        persons p3_0 
            on p3_0.id_person=t1_0.id_person 
    left join
        teachers t3_0 
            on t3_0.id_teacher=s1_0.id_teacher 
    left join
        persons p4_0 
            on p4_0.id_person=t3_0.id_person 
    left join
        teachers t4_0 
            on t4_0.id_teacher=p4_0.teacher_id_teacher 
    left join
        (students_subjects s5_0 
    join
        subjects s5_1 
            on s5_1.id_subject=s5_0.subjects_id_subject) 
                on s1_0.id_student=s5_0.student_id_student 
        left join
            teachers t5_0 
                on t5_0.id_teacher=s5_1.id_teacher 
        left join
            persons p6_0 
                on p6_0.id_person=t5_0.id_person 
        left join
            teachers t6_0 
                on t6_0.id_teacher=p6_0.teacher_id_teacher 
        left join
            teachers t7_0 
                on t7_0.id_teacher=p1_0.teacher_id_teacher 
        left join
            persons p8_0 
                on p8_0.id_person=t7_0.id_person 
        left join
            students s7_0 
                on s7_0.id_student=p8_0.student_id_student 
        left join
            persons p9_0 
                on p9_0.id_person=s7_0.id_person 
        left join
            teachers t9_0 
                on t9_0.id_teacher=s7_0.id_teacher 
        where
            p1_0.id_person=?
Hibernate: 
    select
        t1_0.id_teacher,
        t1_0.branch,
        t1_0.comments,
        t1_0.id_person 
    from
        teachers t1_0
]]></system-out>
  </testcase>
  <testcase name="deleteTeacher" classname="com.example.block7crudvalidation.infrastructure.controller.TeacherControllerTest" time="0.024">
    <error message="No person found with id: 1" type="java.lang.RuntimeException"><![CDATA[java.lang.RuntimeException: No person found with id: 1
	at com.example.block7crudvalidation.teacher.application.TeacherServiceImpl.lambda$addTeacher$0(TeacherServiceImpl.java:27)
	at java.base/java.util.Optional.orElseThrow(Optional.java:403)
	at com.example.block7crudvalidation.teacher.application.TeacherServiceImpl.addTeacher(TeacherServiceImpl.java:27)
	at com.example.block7crudvalidation.infrastructure.controller.TeacherControllerTest.deleteTeacher(TeacherControllerTest.java:150)
	at java.base/jdk.internal.reflect.NativeMethodAccessorImpl.invoke0(Native Method)
	at java.base/jdk.internal.reflect.NativeMethodAccessorImpl.invoke(NativeMethodAccessorImpl.java:77)
	at java.base/jdk.internal.reflect.DelegatingMethodAccessorImpl.invoke(DelegatingMethodAccessorImpl.java:43)
	at java.base/java.lang.reflect.Method.invoke(Method.java:568)
	at org.junit.platform.commons.util.ReflectionUtils.invokeMethod(ReflectionUtils.java:727)
	at org.junit.jupiter.engine.execution.MethodInvocation.proceed(MethodInvocation.java:60)
	at org.junit.jupiter.engine.execution.InvocationInterceptorChain$ValidatingInvocation.proceed(InvocationInterceptorChain.java:131)
	at org.junit.jupiter.engine.extension.TimeoutExtension.intercept(TimeoutExtension.java:156)
	at org.junit.jupiter.engine.extension.TimeoutExtension.interceptTestableMethod(TimeoutExtension.java:147)
	at org.junit.jupiter.engine.extension.TimeoutExtension.interceptTestMethod(TimeoutExtension.java:86)
	at org.junit.jupiter.engine.execution.InterceptingExecutableInvoker$ReflectiveInterceptorCall.lambda$ofVoidMethod$0(InterceptingExecutableInvoker.java:103)
	at org.junit.jupiter.engine.execution.InterceptingExecutableInvoker.lambda$invoke$0(InterceptingExecutableInvoker.java:93)
	at org.junit.jupiter.engine.execution.InvocationInterceptorChain$InterceptedInvocation.proceed(InvocationInterceptorChain.java:106)
	at org.junit.jupiter.engine.execution.InvocationInterceptorChain.proceed(InvocationInterceptorChain.java:64)
	at org.junit.jupiter.engine.execution.InvocationInterceptorChain.chainAndInvoke(InvocationInterceptorChain.java:45)
	at org.junit.jupiter.engine.execution.InvocationInterceptorChain.invoke(InvocationInterceptorChain.java:37)
	at org.junit.jupiter.engine.execution.InterceptingExecutableInvoker.invoke(InterceptingExecutableInvoker.java:92)
	at org.junit.jupiter.engine.execution.InterceptingExecutableInvoker.invoke(InterceptingExecutableInvoker.java:86)
	at org.junit.jupiter.engine.descriptor.TestMethodTestDescriptor.lambda$invokeTestMethod$7(TestMethodTestDescriptor.java:217)
	at org.junit.platform.engine.support.hierarchical.ThrowableCollector.execute(ThrowableCollector.java:73)
	at org.junit.jupiter.engine.descriptor.TestMethodTestDescriptor.invokeTestMethod(TestMethodTestDescriptor.java:213)
	at org.junit.jupiter.engine.descriptor.TestMethodTestDescriptor.execute(TestMethodTestDescriptor.java:138)
	at org.junit.jupiter.engine.descriptor.TestMethodTestDescriptor.execute(TestMethodTestDescriptor.java:68)
	at org.junit.platform.engine.support.hierarchical.NodeTestTask.lambda$executeRecursively$6(NodeTestTask.java:151)
	at org.junit.platform.engine.support.hierarchical.ThrowableCollector.execute(ThrowableCollector.java:73)
	at org.junit.platform.engine.support.hierarchical.NodeTestTask.lambda$executeRecursively$8(NodeTestTask.java:141)
	at org.junit.platform.engine.support.hierarchical.Node.around(Node.java:137)
	at org.junit.platform.engine.support.hierarchical.NodeTestTask.lambda$executeRecursively$9(NodeTestTask.java:139)
	at org.junit.platform.engine.support.hierarchical.ThrowableCollector.execute(ThrowableCollector.java:73)
	at org.junit.platform.engine.support.hierarchical.NodeTestTask.executeRecursively(NodeTestTask.java:138)
	at org.junit.platform.engine.support.hierarchical.NodeTestTask.execute(NodeTestTask.java:95)
	at java.base/java.util.ArrayList.forEach(ArrayList.java:1511)
	at org.junit.platform.engine.support.hierarchical.SameThreadHierarchicalTestExecutorService.invokeAll(SameThreadHierarchicalTestExecutorService.java:41)
	at org.junit.platform.engine.support.hierarchical.NodeTestTask.lambda$executeRecursively$6(NodeTestTask.java:155)
	at org.junit.platform.engine.support.hierarchical.ThrowableCollector.execute(ThrowableCollector.java:73)
	at org.junit.platform.engine.support.hierarchical.NodeTestTask.lambda$executeRecursively$8(NodeTestTask.java:141)
	at org.junit.platform.engine.support.hierarchical.Node.around(Node.java:137)
	at org.junit.platform.engine.support.hierarchical.NodeTestTask.lambda$executeRecursively$9(NodeTestTask.java:139)
	at org.junit.platform.engine.support.hierarchical.ThrowableCollector.execute(ThrowableCollector.java:73)
	at org.junit.platform.engine.support.hierarchical.NodeTestTask.executeRecursively(NodeTestTask.java:138)
	at org.junit.platform.engine.support.hierarchical.NodeTestTask.execute(NodeTestTask.java:95)
	at java.base/java.util.ArrayList.forEach(ArrayList.java:1511)
	at org.junit.platform.engine.support.hierarchical.SameThreadHierarchicalTestExecutorService.invokeAll(SameThreadHierarchicalTestExecutorService.java:41)
	at org.junit.platform.engine.support.hierarchical.NodeTestTask.lambda$executeRecursively$6(NodeTestTask.java:155)
	at org.junit.platform.engine.support.hierarchical.ThrowableCollector.execute(ThrowableCollector.java:73)
	at org.junit.platform.engine.support.hierarchical.NodeTestTask.lambda$executeRecursively$8(NodeTestTask.java:141)
	at org.junit.platform.engine.support.hierarchical.Node.around(Node.java:137)
	at org.junit.platform.engine.support.hierarchical.NodeTestTask.lambda$executeRecursively$9(NodeTestTask.java:139)
	at org.junit.platform.engine.support.hierarchical.ThrowableCollector.execute(ThrowableCollector.java:73)
	at org.junit.platform.engine.support.hierarchical.NodeTestTask.executeRecursively(NodeTestTask.java:138)
	at org.junit.platform.engine.support.hierarchical.NodeTestTask.execute(NodeTestTask.java:95)
	at org.junit.platform.engine.support.hierarchical.SameThreadHierarchicalTestExecutorService.submit(SameThreadHierarchicalTestExecutorService.java:35)
	at org.junit.platform.engine.support.hierarchical.HierarchicalTestExecutor.execute(HierarchicalTestExecutor.java:57)
	at org.junit.platform.engine.support.hierarchical.HierarchicalTestEngine.execute(HierarchicalTestEngine.java:54)
	at org.junit.platform.launcher.core.EngineExecutionOrchestrator.execute(EngineExecutionOrchestrator.java:147)
	at org.junit.platform.launcher.core.EngineExecutionOrchestrator.execute(EngineExecutionOrchestrator.java:127)
	at org.junit.platform.launcher.core.EngineExecutionOrchestrator.execute(EngineExecutionOrchestrator.java:90)
	at org.junit.platform.launcher.core.EngineExecutionOrchestrator.lambda$execute$0(EngineExecutionOrchestrator.java:55)
	at org.junit.platform.launcher.core.EngineExecutionOrchestrator.withInterceptedStreams(EngineExecutionOrchestrator.java:102)
	at org.junit.platform.launcher.core.EngineExecutionOrchestrator.execute(EngineExecutionOrchestrator.java:54)
	at org.junit.platform.launcher.core.DefaultLauncher.execute(DefaultLauncher.java:114)
	at org.junit.platform.launcher.core.DefaultLauncher.execute(DefaultLauncher.java:86)
	at org.junit.platform.launcher.core.DefaultLauncherSession$DelegatingLauncher.execute(DefaultLauncherSession.java:86)
	at org.apache.maven.surefire.junitplatform.LazyLauncher.execute(LazyLauncher.java:50)
	at org.apache.maven.surefire.junitplatform.JUnitPlatformProvider.execute(JUnitPlatformProvider.java:184)
	at org.apache.maven.surefire.junitplatform.JUnitPlatformProvider.invokeAllTests(JUnitPlatformProvider.java:148)
	at org.apache.maven.surefire.junitplatform.JUnitPlatformProvider.invoke(JUnitPlatformProvider.java:122)
	at org.apache.maven.surefire.booter.ForkedBooter.runSuitesInProcess(ForkedBooter.java:385)
	at org.apache.maven.surefire.booter.ForkedBooter.execute(ForkedBooter.java:162)
	at org.apache.maven.surefire.booter.ForkedBooter.run(ForkedBooter.java:507)
	at org.apache.maven.surefire.booter.ForkedBooter.main(ForkedBooter.java:495)
]]></error>
    <system-out><![CDATA[Hibernate: 
    insert 
    into
        persons
        (active,city,company_email,created_date,image_url,name,password,personal_email,student_id_student,surname,teacher_id_teacher,termination_date,username,id_person) 
    values
        (?,?,?,?,?,?,?,?,?,?,?,?,?,?)
Hibernate: 
    select
        p1_0.id_person,
        p1_0.active,
        p1_0.city,
        p1_0.company_email,
        p1_0.created_date,
        p1_0.image_url,
        p1_0.name,
        p1_0.password,
        p1_0.personal_email,
        s1_0.id_student,
        s1_0.branch,
        s1_0.comments,
        s1_0.num_hours_week,
        p2_0.id_person,
        p2_0.active,
        p2_0.city,
        p2_0.company_email,
        p2_0.created_date,
        p2_0.image_url,
        p2_0.name,
        p2_0.password,
        p2_0.personal_email,
        p2_0.student_id_student,
        p2_0.surname,
        t1_0.id_teacher,
        t1_0.branch,
        t1_0.comments,
        p3_0.id_person,
        p3_0.active,
        p3_0.city,
        p3_0.company_email,
        p3_0.created_date,
        p3_0.image_url,
        p3_0.name,
        p3_0.password,
        p3_0.personal_email,
        p3_0.student_id_student,
        p3_0.surname,
        p3_0.teacher_id_teacher,
        p3_0.termination_date,
        p3_0.username,
        p2_0.termination_date,
        p2_0.username,
        t3_0.id_teacher,
        t3_0.branch,
        t3_0.comments,
        p4_0.id_person,
        p4_0.active,
        p4_0.city,
        p4_0.company_email,
        p4_0.created_date,
        p4_0.image_url,
        p4_0.name,
        p4_0.password,
        p4_0.personal_email,
        p4_0.student_id_student,
        p4_0.surname,
        t4_0.id_teacher,
        t4_0.branch,
        t4_0.comments,
        t4_0.id_person,
        p4_0.termination_date,
        p4_0.username,
        s5_0.student_id_student,
        s5_1.id_subject,
        s5_1.comments,
        s5_1.finish_date,
        s5_1.initial_date,
        s5_1.name,
        t5_0.id_teacher,
        t5_0.branch,
        t5_0.comments,
        p6_0.id_person,
        p6_0.active,
        p6_0.city,
        p6_0.company_email,
        p6_0.created_date,
        p6_0.image_url,
        p6_0.name,
        p6_0.password,
        p6_0.personal_email,
        p6_0.student_id_student,
        p6_0.surname,
        t6_0.id_teacher,
        t6_0.branch,
        t6_0.comments,
        t6_0.id_person,
        p6_0.termination_date,
        p6_0.username,
        p1_0.surname,
        t7_0.id_teacher,
        t7_0.branch,
        t7_0.comments,
        p8_0.id_person,
        p8_0.active,
        p8_0.city,
        p8_0.company_email,
        p8_0.created_date,
        p8_0.image_url,
        p8_0.name,
        p8_0.password,
        p8_0.personal_email,
        s7_0.id_student,
        s7_0.branch,
        s7_0.comments,
        s7_0.num_hours_week,
        p9_0.id_person,
        p9_0.active,
        p9_0.city,
        p9_0.company_email,
        p9_0.created_date,
        p9_0.image_url,
        p9_0.name,
        p9_0.password,
        p9_0.personal_email,
        p9_0.student_id_student,
        p9_0.surname,
        p9_0.teacher_id_teacher,
        p9_0.termination_date,
        p9_0.username,
        t9_0.id_teacher,
        t9_0.branch,
        t9_0.comments,
        t9_0.id_person,
        p8_0.surname,
        p8_0.teacher_id_teacher,
        p8_0.termination_date,
        p8_0.username,
        p1_0.termination_date,
        p1_0.username 
    from
        persons p1_0 
    left join
        students s1_0 
            on s1_0.id_student=p1_0.student_id_student 
    left join
        persons p2_0 
            on p2_0.id_person=s1_0.id_person 
    left join
        teachers t1_0 
            on t1_0.id_teacher=p2_0.teacher_id_teacher 
    left join
        persons p3_0 
            on p3_0.id_person=t1_0.id_person 
    left join
        teachers t3_0 
            on t3_0.id_teacher=s1_0.id_teacher 
    left join
        persons p4_0 
            on p4_0.id_person=t3_0.id_person 
    left join
        teachers t4_0 
            on t4_0.id_teacher=p4_0.teacher_id_teacher 
    left join
        (students_subjects s5_0 
    join
        subjects s5_1 
            on s5_1.id_subject=s5_0.subjects_id_subject) 
                on s1_0.id_student=s5_0.student_id_student 
        left join
            teachers t5_0 
                on t5_0.id_teacher=s5_1.id_teacher 
        left join
            persons p6_0 
                on p6_0.id_person=t5_0.id_person 
        left join
            teachers t6_0 
                on t6_0.id_teacher=p6_0.teacher_id_teacher 
        left join
            teachers t7_0 
                on t7_0.id_teacher=p1_0.teacher_id_teacher 
        left join
            persons p8_0 
                on p8_0.id_person=t7_0.id_person 
        left join
            students s7_0 
                on s7_0.id_student=p8_0.student_id_student 
        left join
            persons p9_0 
                on p9_0.id_person=s7_0.id_person 
        left join
            teachers t9_0 
                on t9_0.id_teacher=s7_0.id_teacher 
        where
            p1_0.id_person=?
Hibernate: 
    select
        t1_0.id_teacher,
        t1_0.branch,
        t1_0.comments,
        t1_0.id_person 
    from
        teachers t1_0
]]></system-out>
  </testcase>
  <testcase name="getTeacherId" classname="com.example.block7crudvalidation.infrastructure.controller.TeacherControllerTest" time="0.023">
    <error message="No person found with id: 1" type="java.lang.RuntimeException"><![CDATA[java.lang.RuntimeException: No person found with id: 1
	at com.example.block7crudvalidation.teacher.application.TeacherServiceImpl.lambda$addTeacher$0(TeacherServiceImpl.java:27)
	at java.base/java.util.Optional.orElseThrow(Optional.java:403)
	at com.example.block7crudvalidation.teacher.application.TeacherServiceImpl.addTeacher(TeacherServiceImpl.java:27)
	at com.example.block7crudvalidation.infrastructure.controller.TeacherControllerTest.getTeacherId(TeacherControllerTest.java:112)
	at java.base/jdk.internal.reflect.NativeMethodAccessorImpl.invoke0(Native Method)
	at java.base/jdk.internal.reflect.NativeMethodAccessorImpl.invoke(NativeMethodAccessorImpl.java:77)
	at java.base/jdk.internal.reflect.DelegatingMethodAccessorImpl.invoke(DelegatingMethodAccessorImpl.java:43)
	at java.base/java.lang.reflect.Method.invoke(Method.java:568)
	at org.junit.platform.commons.util.ReflectionUtils.invokeMethod(ReflectionUtils.java:727)
	at org.junit.jupiter.engine.execution.MethodInvocation.proceed(MethodInvocation.java:60)
	at org.junit.jupiter.engine.execution.InvocationInterceptorChain$ValidatingInvocation.proceed(InvocationInterceptorChain.java:131)
	at org.junit.jupiter.engine.extension.TimeoutExtension.intercept(TimeoutExtension.java:156)
	at org.junit.jupiter.engine.extension.TimeoutExtension.interceptTestableMethod(TimeoutExtension.java:147)
	at org.junit.jupiter.engine.extension.TimeoutExtension.interceptTestMethod(TimeoutExtension.java:86)
	at org.junit.jupiter.engine.execution.InterceptingExecutableInvoker$ReflectiveInterceptorCall.lambda$ofVoidMethod$0(InterceptingExecutableInvoker.java:103)
	at org.junit.jupiter.engine.execution.InterceptingExecutableInvoker.lambda$invoke$0(InterceptingExecutableInvoker.java:93)
	at org.junit.jupiter.engine.execution.InvocationInterceptorChain$InterceptedInvocation.proceed(InvocationInterceptorChain.java:106)
	at org.junit.jupiter.engine.execution.InvocationInterceptorChain.proceed(InvocationInterceptorChain.java:64)
	at org.junit.jupiter.engine.execution.InvocationInterceptorChain.chainAndInvoke(InvocationInterceptorChain.java:45)
	at org.junit.jupiter.engine.execution.InvocationInterceptorChain.invoke(InvocationInterceptorChain.java:37)
	at org.junit.jupiter.engine.execution.InterceptingExecutableInvoker.invoke(InterceptingExecutableInvoker.java:92)
	at org.junit.jupiter.engine.execution.InterceptingExecutableInvoker.invoke(InterceptingExecutableInvoker.java:86)
	at org.junit.jupiter.engine.descriptor.TestMethodTestDescriptor.lambda$invokeTestMethod$7(TestMethodTestDescriptor.java:217)
	at org.junit.platform.engine.support.hierarchical.ThrowableCollector.execute(ThrowableCollector.java:73)
	at org.junit.jupiter.engine.descriptor.TestMethodTestDescriptor.invokeTestMethod(TestMethodTestDescriptor.java:213)
	at org.junit.jupiter.engine.descriptor.TestMethodTestDescriptor.execute(TestMethodTestDescriptor.java:138)
	at org.junit.jupiter.engine.descriptor.TestMethodTestDescriptor.execute(TestMethodTestDescriptor.java:68)
	at org.junit.platform.engine.support.hierarchical.NodeTestTask.lambda$executeRecursively$6(NodeTestTask.java:151)
	at org.junit.platform.engine.support.hierarchical.ThrowableCollector.execute(ThrowableCollector.java:73)
	at org.junit.platform.engine.support.hierarchical.NodeTestTask.lambda$executeRecursively$8(NodeTestTask.java:141)
	at org.junit.platform.engine.support.hierarchical.Node.around(Node.java:137)
	at org.junit.platform.engine.support.hierarchical.NodeTestTask.lambda$executeRecursively$9(NodeTestTask.java:139)
	at org.junit.platform.engine.support.hierarchical.ThrowableCollector.execute(ThrowableCollector.java:73)
	at org.junit.platform.engine.support.hierarchical.NodeTestTask.executeRecursively(NodeTestTask.java:138)
	at org.junit.platform.engine.support.hierarchical.NodeTestTask.execute(NodeTestTask.java:95)
	at java.base/java.util.ArrayList.forEach(ArrayList.java:1511)
	at org.junit.platform.engine.support.hierarchical.SameThreadHierarchicalTestExecutorService.invokeAll(SameThreadHierarchicalTestExecutorService.java:41)
	at org.junit.platform.engine.support.hierarchical.NodeTestTask.lambda$executeRecursively$6(NodeTestTask.java:155)
	at org.junit.platform.engine.support.hierarchical.ThrowableCollector.execute(ThrowableCollector.java:73)
	at org.junit.platform.engine.support.hierarchical.NodeTestTask.lambda$executeRecursively$8(NodeTestTask.java:141)
	at org.junit.platform.engine.support.hierarchical.Node.around(Node.java:137)
	at org.junit.platform.engine.support.hierarchical.NodeTestTask.lambda$executeRecursively$9(NodeTestTask.java:139)
	at org.junit.platform.engine.support.hierarchical.ThrowableCollector.execute(ThrowableCollector.java:73)
	at org.junit.platform.engine.support.hierarchical.NodeTestTask.executeRecursively(NodeTestTask.java:138)
	at org.junit.platform.engine.support.hierarchical.NodeTestTask.execute(NodeTestTask.java:95)
	at java.base/java.util.ArrayList.forEach(ArrayList.java:1511)
	at org.junit.platform.engine.support.hierarchical.SameThreadHierarchicalTestExecutorService.invokeAll(SameThreadHierarchicalTestExecutorService.java:41)
	at org.junit.platform.engine.support.hierarchical.NodeTestTask.lambda$executeRecursively$6(NodeTestTask.java:155)
	at org.junit.platform.engine.support.hierarchical.ThrowableCollector.execute(ThrowableCollector.java:73)
	at org.junit.platform.engine.support.hierarchical.NodeTestTask.lambda$executeRecursively$8(NodeTestTask.java:141)
	at org.junit.platform.engine.support.hierarchical.Node.around(Node.java:137)
	at org.junit.platform.engine.support.hierarchical.NodeTestTask.lambda$executeRecursively$9(NodeTestTask.java:139)
	at org.junit.platform.engine.support.hierarchical.ThrowableCollector.execute(ThrowableCollector.java:73)
	at org.junit.platform.engine.support.hierarchical.NodeTestTask.executeRecursively(NodeTestTask.java:138)
	at org.junit.platform.engine.support.hierarchical.NodeTestTask.execute(NodeTestTask.java:95)
	at org.junit.platform.engine.support.hierarchical.SameThreadHierarchicalTestExecutorService.submit(SameThreadHierarchicalTestExecutorService.java:35)
	at org.junit.platform.engine.support.hierarchical.HierarchicalTestExecutor.execute(HierarchicalTestExecutor.java:57)
	at org.junit.platform.engine.support.hierarchical.HierarchicalTestEngine.execute(HierarchicalTestEngine.java:54)
	at org.junit.platform.launcher.core.EngineExecutionOrchestrator.execute(EngineExecutionOrchestrator.java:147)
	at org.junit.platform.launcher.core.EngineExecutionOrchestrator.execute(EngineExecutionOrchestrator.java:127)
	at org.junit.platform.launcher.core.EngineExecutionOrchestrator.execute(EngineExecutionOrchestrator.java:90)
	at org.junit.platform.launcher.core.EngineExecutionOrchestrator.lambda$execute$0(EngineExecutionOrchestrator.java:55)
	at org.junit.platform.launcher.core.EngineExecutionOrchestrator.withInterceptedStreams(EngineExecutionOrchestrator.java:102)
	at org.junit.platform.launcher.core.EngineExecutionOrchestrator.execute(EngineExecutionOrchestrator.java:54)
	at org.junit.platform.launcher.core.DefaultLauncher.execute(DefaultLauncher.java:114)
	at org.junit.platform.launcher.core.DefaultLauncher.execute(DefaultLauncher.java:86)
	at org.junit.platform.launcher.core.DefaultLauncherSession$DelegatingLauncher.execute(DefaultLauncherSession.java:86)
	at org.apache.maven.surefire.junitplatform.LazyLauncher.execute(LazyLauncher.java:50)
	at org.apache.maven.surefire.junitplatform.JUnitPlatformProvider.execute(JUnitPlatformProvider.java:184)
	at org.apache.maven.surefire.junitplatform.JUnitPlatformProvider.invokeAllTests(JUnitPlatformProvider.java:148)
	at org.apache.maven.surefire.junitplatform.JUnitPlatformProvider.invoke(JUnitPlatformProvider.java:122)
	at org.apache.maven.surefire.booter.ForkedBooter.runSuitesInProcess(ForkedBooter.java:385)
	at org.apache.maven.surefire.booter.ForkedBooter.execute(ForkedBooter.java:162)
	at org.apache.maven.surefire.booter.ForkedBooter.run(ForkedBooter.java:507)
	at org.apache.maven.surefire.booter.ForkedBooter.main(ForkedBooter.java:495)
]]></error>
    <system-out><![CDATA[Hibernate: 
    insert 
    into
        persons
        (active,city,company_email,created_date,image_url,name,password,personal_email,student_id_student,surname,teacher_id_teacher,termination_date,username,id_person) 
    values
        (?,?,?,?,?,?,?,?,?,?,?,?,?,?)
Hibernate: 
    select
        p1_0.id_person,
        p1_0.active,
        p1_0.city,
        p1_0.company_email,
        p1_0.created_date,
        p1_0.image_url,
        p1_0.name,
        p1_0.password,
        p1_0.personal_email,
        s1_0.id_student,
        s1_0.branch,
        s1_0.comments,
        s1_0.num_hours_week,
        p2_0.id_person,
        p2_0.active,
        p2_0.city,
        p2_0.company_email,
        p2_0.created_date,
        p2_0.image_url,
        p2_0.name,
        p2_0.password,
        p2_0.personal_email,
        p2_0.student_id_student,
        p2_0.surname,
        t1_0.id_teacher,
        t1_0.branch,
        t1_0.comments,
        p3_0.id_person,
        p3_0.active,
        p3_0.city,
        p3_0.company_email,
        p3_0.created_date,
        p3_0.image_url,
        p3_0.name,
        p3_0.password,
        p3_0.personal_email,
        p3_0.student_id_student,
        p3_0.surname,
        p3_0.teacher_id_teacher,
        p3_0.termination_date,
        p3_0.username,
        p2_0.termination_date,
        p2_0.username,
        t3_0.id_teacher,
        t3_0.branch,
        t3_0.comments,
        p4_0.id_person,
        p4_0.active,
        p4_0.city,
        p4_0.company_email,
        p4_0.created_date,
        p4_0.image_url,
        p4_0.name,
        p4_0.password,
        p4_0.personal_email,
        p4_0.student_id_student,
        p4_0.surname,
        t4_0.id_teacher,
        t4_0.branch,
        t4_0.comments,
        t4_0.id_person,
        p4_0.termination_date,
        p4_0.username,
        s5_0.student_id_student,
        s5_1.id_subject,
        s5_1.comments,
        s5_1.finish_date,
        s5_1.initial_date,
        s5_1.name,
        t5_0.id_teacher,
        t5_0.branch,
        t5_0.comments,
        p6_0.id_person,
        p6_0.active,
        p6_0.city,
        p6_0.company_email,
        p6_0.created_date,
        p6_0.image_url,
        p6_0.name,
        p6_0.password,
        p6_0.personal_email,
        p6_0.student_id_student,
        p6_0.surname,
        t6_0.id_teacher,
        t6_0.branch,
        t6_0.comments,
        t6_0.id_person,
        p6_0.termination_date,
        p6_0.username,
        p1_0.surname,
        t7_0.id_teacher,
        t7_0.branch,
        t7_0.comments,
        p8_0.id_person,
        p8_0.active,
        p8_0.city,
        p8_0.company_email,
        p8_0.created_date,
        p8_0.image_url,
        p8_0.name,
        p8_0.password,
        p8_0.personal_email,
        s7_0.id_student,
        s7_0.branch,
        s7_0.comments,
        s7_0.num_hours_week,
        p9_0.id_person,
        p9_0.active,
        p9_0.city,
        p9_0.company_email,
        p9_0.created_date,
        p9_0.image_url,
        p9_0.name,
        p9_0.password,
        p9_0.personal_email,
        p9_0.student_id_student,
        p9_0.surname,
        p9_0.teacher_id_teacher,
        p9_0.termination_date,
        p9_0.username,
        t9_0.id_teacher,
        t9_0.branch,
        t9_0.comments,
        t9_0.id_person,
        p8_0.surname,
        p8_0.teacher_id_teacher,
        p8_0.termination_date,
        p8_0.username,
        p1_0.termination_date,
        p1_0.username 
    from
        persons p1_0 
    left join
        students s1_0 
            on s1_0.id_student=p1_0.student_id_student 
    left join
        persons p2_0 
            on p2_0.id_person=s1_0.id_person 
    left join
        teachers t1_0 
            on t1_0.id_teacher=p2_0.teacher_id_teacher 
    left join
        persons p3_0 
            on p3_0.id_person=t1_0.id_person 
    left join
        teachers t3_0 
            on t3_0.id_teacher=s1_0.id_teacher 
    left join
        persons p4_0 
            on p4_0.id_person=t3_0.id_person 
    left join
        teachers t4_0 
            on t4_0.id_teacher=p4_0.teacher_id_teacher 
    left join
        (students_subjects s5_0 
    join
        subjects s5_1 
            on s5_1.id_subject=s5_0.subjects_id_subject) 
                on s1_0.id_student=s5_0.student_id_student 
        left join
            teachers t5_0 
                on t5_0.id_teacher=s5_1.id_teacher 
        left join
            persons p6_0 
                on p6_0.id_person=t5_0.id_person 
        left join
            teachers t6_0 
                on t6_0.id_teacher=p6_0.teacher_id_teacher 
        left join
            teachers t7_0 
                on t7_0.id_teacher=p1_0.teacher_id_teacher 
        left join
            persons p8_0 
                on p8_0.id_person=t7_0.id_person 
        left join
            students s7_0 
                on s7_0.id_student=p8_0.student_id_student 
        left join
            persons p9_0 
                on p9_0.id_person=s7_0.id_person 
        left join
            teachers t9_0 
                on t9_0.id_teacher=s7_0.id_teacher 
        where
            p1_0.id_person=?
Hibernate: 
    select
        t1_0.id_teacher,
        t1_0.branch,
        t1_0.comments,
        t1_0.id_person 
    from
        teachers t1_0
]]></system-out>
  </testcase>
  <testcase name="addTeacher" classname="com.example.block7crudvalidation.infrastructure.controller.TeacherControllerTest" time="0.026">
    <error message="Request processing failed: java.lang.RuntimeException: No person found with id: 1" type="jakarta.servlet.ServletException"><![CDATA[jakarta.servlet.ServletException: Request processing failed: java.lang.RuntimeException: No person found with id: 1
	at org.springframework.web.servlet.FrameworkServlet.processRequest(FrameworkServlet.java:1019)
	at org.springframework.web.servlet.FrameworkServlet.doPost(FrameworkServlet.java:914)
	at jakarta.servlet.http.HttpServlet.service(HttpServlet.java:590)
	at org.springframework.web.servlet.FrameworkServlet.service(FrameworkServlet.java:885)
	at org.springframework.test.web.servlet.TestDispatcherServlet.service(TestDispatcherServlet.java:72)
	at jakarta.servlet.http.HttpServlet.service(HttpServlet.java:658)
	at org.springframework.mock.web.MockFilterChain$ServletFilterProxy.doFilter(MockFilterChain.java:165)
	at org.springframework.mock.web.MockFilterChain.doFilter(MockFilterChain.java:132)
	at org.springframework.test.web.servlet.MockMvc.perform(MockMvc.java:201)
	at com.example.block7crudvalidation.infrastructure.controller.TeacherControllerTest.addTeacher(TeacherControllerTest.java:81)
	at java.base/jdk.internal.reflect.NativeMethodAccessorImpl.invoke0(Native Method)
	at java.base/jdk.internal.reflect.NativeMethodAccessorImpl.invoke(NativeMethodAccessorImpl.java:77)
	at java.base/jdk.internal.reflect.DelegatingMethodAccessorImpl.invoke(DelegatingMethodAccessorImpl.java:43)
	at java.base/java.lang.reflect.Method.invoke(Method.java:568)
	at org.junit.platform.commons.util.ReflectionUtils.invokeMethod(ReflectionUtils.java:727)
	at org.junit.jupiter.engine.execution.MethodInvocation.proceed(MethodInvocation.java:60)
	at org.junit.jupiter.engine.execution.InvocationInterceptorChain$ValidatingInvocation.proceed(InvocationInterceptorChain.java:131)
	at org.junit.jupiter.engine.extension.TimeoutExtension.intercept(TimeoutExtension.java:156)
	at org.junit.jupiter.engine.extension.TimeoutExtension.interceptTestableMethod(TimeoutExtension.java:147)
	at org.junit.jupiter.engine.extension.TimeoutExtension.interceptTestMethod(TimeoutExtension.java:86)
	at org.junit.jupiter.engine.execution.InterceptingExecutableInvoker$ReflectiveInterceptorCall.lambda$ofVoidMethod$0(InterceptingExecutableInvoker.java:103)
	at org.junit.jupiter.engine.execution.InterceptingExecutableInvoker.lambda$invoke$0(InterceptingExecutableInvoker.java:93)
	at org.junit.jupiter.engine.execution.InvocationInterceptorChain$InterceptedInvocation.proceed(InvocationInterceptorChain.java:106)
	at org.junit.jupiter.engine.execution.InvocationInterceptorChain.proceed(InvocationInterceptorChain.java:64)
	at org.junit.jupiter.engine.execution.InvocationInterceptorChain.chainAndInvoke(InvocationInterceptorChain.java:45)
	at org.junit.jupiter.engine.execution.InvocationInterceptorChain.invoke(InvocationInterceptorChain.java:37)
	at org.junit.jupiter.engine.execution.InterceptingExecutableInvoker.invoke(InterceptingExecutableInvoker.java:92)
	at org.junit.jupiter.engine.execution.InterceptingExecutableInvoker.invoke(InterceptingExecutableInvoker.java:86)
	at org.junit.jupiter.engine.descriptor.TestMethodTestDescriptor.lambda$invokeTestMethod$7(TestMethodTestDescriptor.java:217)
	at org.junit.platform.engine.support.hierarchical.ThrowableCollector.execute(ThrowableCollector.java:73)
	at org.junit.jupiter.engine.descriptor.TestMethodTestDescriptor.invokeTestMethod(TestMethodTestDescriptor.java:213)
	at org.junit.jupiter.engine.descriptor.TestMethodTestDescriptor.execute(TestMethodTestDescriptor.java:138)
	at org.junit.jupiter.engine.descriptor.TestMethodTestDescriptor.execute(TestMethodTestDescriptor.java:68)
	at org.junit.platform.engine.support.hierarchical.NodeTestTask.lambda$executeRecursively$6(NodeTestTask.java:151)
	at org.junit.platform.engine.support.hierarchical.ThrowableCollector.execute(ThrowableCollector.java:73)
	at org.junit.platform.engine.support.hierarchical.NodeTestTask.lambda$executeRecursively$8(NodeTestTask.java:141)
	at org.junit.platform.engine.support.hierarchical.Node.around(Node.java:137)
	at org.junit.platform.engine.support.hierarchical.NodeTestTask.lambda$executeRecursively$9(NodeTestTask.java:139)
	at org.junit.platform.engine.support.hierarchical.ThrowableCollector.execute(ThrowableCollector.java:73)
	at org.junit.platform.engine.support.hierarchical.NodeTestTask.executeRecursively(NodeTestTask.java:138)
	at org.junit.platform.engine.support.hierarchical.NodeTestTask.execute(NodeTestTask.java:95)
	at java.base/java.util.ArrayList.forEach(ArrayList.java:1511)
	at org.junit.platform.engine.support.hierarchical.SameThreadHierarchicalTestExecutorService.invokeAll(SameThreadHierarchicalTestExecutorService.java:41)
	at org.junit.platform.engine.support.hierarchical.NodeTestTask.lambda$executeRecursively$6(NodeTestTask.java:155)
	at org.junit.platform.engine.support.hierarchical.ThrowableCollector.execute(ThrowableCollector.java:73)
	at org.junit.platform.engine.support.hierarchical.NodeTestTask.lambda$executeRecursively$8(NodeTestTask.java:141)
	at org.junit.platform.engine.support.hierarchical.Node.around(Node.java:137)
	at org.junit.platform.engine.support.hierarchical.NodeTestTask.lambda$executeRecursively$9(NodeTestTask.java:139)
	at org.junit.platform.engine.support.hierarchical.ThrowableCollector.execute(ThrowableCollector.java:73)
	at org.junit.platform.engine.support.hierarchical.NodeTestTask.executeRecursively(NodeTestTask.java:138)
	at org.junit.platform.engine.support.hierarchical.NodeTestTask.execute(NodeTestTask.java:95)
	at java.base/java.util.ArrayList.forEach(ArrayList.java:1511)
	at org.junit.platform.engine.support.hierarchical.SameThreadHierarchicalTestExecutorService.invokeAll(SameThreadHierarchicalTestExecutorService.java:41)
	at org.junit.platform.engine.support.hierarchical.NodeTestTask.lambda$executeRecursively$6(NodeTestTask.java:155)
	at org.junit.platform.engine.support.hierarchical.ThrowableCollector.execute(ThrowableCollector.java:73)
	at org.junit.platform.engine.support.hierarchical.NodeTestTask.lambda$executeRecursively$8(NodeTestTask.java:141)
	at org.junit.platform.engine.support.hierarchical.Node.around(Node.java:137)
	at org.junit.platform.engine.support.hierarchical.NodeTestTask.lambda$executeRecursively$9(NodeTestTask.java:139)
	at org.junit.platform.engine.support.hierarchical.ThrowableCollector.execute(ThrowableCollector.java:73)
	at org.junit.platform.engine.support.hierarchical.NodeTestTask.executeRecursively(NodeTestTask.java:138)
	at org.junit.platform.engine.support.hierarchical.NodeTestTask.execute(NodeTestTask.java:95)
	at org.junit.platform.engine.support.hierarchical.SameThreadHierarchicalTestExecutorService.submit(SameThreadHierarchicalTestExecutorService.java:35)
	at org.junit.platform.engine.support.hierarchical.HierarchicalTestExecutor.execute(HierarchicalTestExecutor.java:57)
	at org.junit.platform.engine.support.hierarchical.HierarchicalTestEngine.execute(HierarchicalTestEngine.java:54)
	at org.junit.platform.launcher.core.EngineExecutionOrchestrator.execute(EngineExecutionOrchestrator.java:147)
	at org.junit.platform.launcher.core.EngineExecutionOrchestrator.execute(EngineExecutionOrchestrator.java:127)
	at org.junit.platform.launcher.core.EngineExecutionOrchestrator.execute(EngineExecutionOrchestrator.java:90)
	at org.junit.platform.launcher.core.EngineExecutionOrchestrator.lambda$execute$0(EngineExecutionOrchestrator.java:55)
	at org.junit.platform.launcher.core.EngineExecutionOrchestrator.withInterceptedStreams(EngineExecutionOrchestrator.java:102)
	at org.junit.platform.launcher.core.EngineExecutionOrchestrator.execute(EngineExecutionOrchestrator.java:54)
	at org.junit.platform.launcher.core.DefaultLauncher.execute(DefaultLauncher.java:114)
	at org.junit.platform.launcher.core.DefaultLauncher.execute(DefaultLauncher.java:86)
	at org.junit.platform.launcher.core.DefaultLauncherSession$DelegatingLauncher.execute(DefaultLauncherSession.java:86)
	at org.apache.maven.surefire.junitplatform.LazyLauncher.execute(LazyLauncher.java:50)
	at org.apache.maven.surefire.junitplatform.JUnitPlatformProvider.execute(JUnitPlatformProvider.java:184)
	at org.apache.maven.surefire.junitplatform.JUnitPlatformProvider.invokeAllTests(JUnitPlatformProvider.java:148)
	at org.apache.maven.surefire.junitplatform.JUnitPlatformProvider.invoke(JUnitPlatformProvider.java:122)
	at org.apache.maven.surefire.booter.ForkedBooter.runSuitesInProcess(ForkedBooter.java:385)
	at org.apache.maven.surefire.booter.ForkedBooter.execute(ForkedBooter.java:162)
	at org.apache.maven.surefire.booter.ForkedBooter.run(ForkedBooter.java:507)
	at org.apache.maven.surefire.booter.ForkedBooter.main(ForkedBooter.java:495)
Caused by: java.lang.RuntimeException: No person found with id: 1
	at com.example.block7crudvalidation.teacher.application.TeacherServiceImpl.lambda$addTeacher$0(TeacherServiceImpl.java:27)
	at java.base/java.util.Optional.orElseThrow(Optional.java:403)
	at com.example.block7crudvalidation.teacher.application.TeacherServiceImpl.addTeacher(TeacherServiceImpl.java:27)
	at com.example.block7crudvalidation.teacher.infrastructure.controller.TeacherController.addTeacher(TeacherController.java:20)
	at java.base/jdk.internal.reflect.NativeMethodAccessorImpl.invoke0(Native Method)
	at java.base/jdk.internal.reflect.NativeMethodAccessorImpl.invoke(NativeMethodAccessorImpl.java:77)
	at java.base/jdk.internal.reflect.DelegatingMethodAccessorImpl.invoke(DelegatingMethodAccessorImpl.java:43)
	at java.base/java.lang.reflect.Method.invoke(Method.java:568)
	at org.springframework.web.method.support.InvocableHandlerMethod.doInvoke(InvocableHandlerMethod.java:207)
	at org.springframework.web.method.support.InvocableHandlerMethod.invokeForRequest(InvocableHandlerMethod.java:152)
	at org.springframework.web.servlet.mvc.method.annotation.ServletInvocableHandlerMethod.invokeAndHandle(ServletInvocableHandlerMethod.java:118)
	at org.springframework.web.servlet.mvc.method.annotation.RequestMappingHandlerAdapter.invokeHandlerMethod(RequestMappingHandlerAdapter.java:884)
	at org.springframework.web.servlet.mvc.method.annotation.RequestMappingHandlerAdapter.handleInternal(RequestMappingHandlerAdapter.java:797)
	at org.springframework.web.servlet.mvc.method.AbstractHandlerMethodAdapter.handle(AbstractHandlerMethodAdapter.java:87)
	at org.springframework.web.servlet.DispatcherServlet.doDispatch(DispatcherServlet.java:1081)
	at org.springframework.web.servlet.DispatcherServlet.doService(DispatcherServlet.java:974)
	at org.springframework.web.servlet.FrameworkServlet.processRequest(FrameworkServlet.java:1011)
	... 80 more
]]></error>
    <system-out><![CDATA[Hibernate: 
    insert 
    into
        persons
        (active,city,company_email,created_date,image_url,name,password,personal_email,student_id_student,surname,teacher_id_teacher,termination_date,username,id_person) 
    values
        (?,?,?,?,?,?,?,?,?,?,?,?,?,?)
Hibernate: 
    select
        p1_0.id_person,
        p1_0.active,
        p1_0.city,
        p1_0.company_email,
        p1_0.created_date,
        p1_0.image_url,
        p1_0.name,
        p1_0.password,
        p1_0.personal_email,
        s1_0.id_student,
        s1_0.branch,
        s1_0.comments,
        s1_0.num_hours_week,
        p2_0.id_person,
        p2_0.active,
        p2_0.city,
        p2_0.company_email,
        p2_0.created_date,
        p2_0.image_url,
        p2_0.name,
        p2_0.password,
        p2_0.personal_email,
        p2_0.student_id_student,
        p2_0.surname,
        t1_0.id_teacher,
        t1_0.branch,
        t1_0.comments,
        p3_0.id_person,
        p3_0.active,
        p3_0.city,
        p3_0.company_email,
        p3_0.created_date,
        p3_0.image_url,
        p3_0.name,
        p3_0.password,
        p3_0.personal_email,
        p3_0.student_id_student,
        p3_0.surname,
        p3_0.teacher_id_teacher,
        p3_0.termination_date,
        p3_0.username,
        p2_0.termination_date,
        p2_0.username,
        t3_0.id_teacher,
        t3_0.branch,
        t3_0.comments,
        p4_0.id_person,
        p4_0.active,
        p4_0.city,
        p4_0.company_email,
        p4_0.created_date,
        p4_0.image_url,
        p4_0.name,
        p4_0.password,
        p4_0.personal_email,
        p4_0.student_id_student,
        p4_0.surname,
        t4_0.id_teacher,
        t4_0.branch,
        t4_0.comments,
        t4_0.id_person,
        p4_0.termination_date,
        p4_0.username,
        s5_0.student_id_student,
        s5_1.id_subject,
        s5_1.comments,
        s5_1.finish_date,
        s5_1.initial_date,
        s5_1.name,
        t5_0.id_teacher,
        t5_0.branch,
        t5_0.comments,
        p6_0.id_person,
        p6_0.active,
        p6_0.city,
        p6_0.company_email,
        p6_0.created_date,
        p6_0.image_url,
        p6_0.name,
        p6_0.password,
        p6_0.personal_email,
        p6_0.student_id_student,
        p6_0.surname,
        t6_0.id_teacher,
        t6_0.branch,
        t6_0.comments,
        t6_0.id_person,
        p6_0.termination_date,
        p6_0.username,
        p1_0.surname,
        t7_0.id_teacher,
        t7_0.branch,
        t7_0.comments,
        p8_0.id_person,
        p8_0.active,
        p8_0.city,
        p8_0.company_email,
        p8_0.created_date,
        p8_0.image_url,
        p8_0.name,
        p8_0.password,
        p8_0.personal_email,
        s7_0.id_student,
        s7_0.branch,
        s7_0.comments,
        s7_0.num_hours_week,
        p9_0.id_person,
        p9_0.active,
        p9_0.city,
        p9_0.company_email,
        p9_0.created_date,
        p9_0.image_url,
        p9_0.name,
        p9_0.password,
        p9_0.personal_email,
        p9_0.student_id_student,
        p9_0.surname,
        p9_0.teacher_id_teacher,
        p9_0.termination_date,
        p9_0.username,
        t9_0.id_teacher,
        t9_0.branch,
        t9_0.comments,
        t9_0.id_person,
        p8_0.surname,
        p8_0.teacher_id_teacher,
        p8_0.termination_date,
        p8_0.username,
        p1_0.termination_date,
        p1_0.username 
    from
        persons p1_0 
    left join
        students s1_0 
            on s1_0.id_student=p1_0.student_id_student 
    left join
        persons p2_0 
            on p2_0.id_person=s1_0.id_person 
    left join
        teachers t1_0 
            on t1_0.id_teacher=p2_0.teacher_id_teacher 
    left join
        persons p3_0 
            on p3_0.id_person=t1_0.id_person 
    left join
        teachers t3_0 
            on t3_0.id_teacher=s1_0.id_teacher 
    left join
        persons p4_0 
            on p4_0.id_person=t3_0.id_person 
    left join
        teachers t4_0 
            on t4_0.id_teacher=p4_0.teacher_id_teacher 
    left join
        (students_subjects s5_0 
    join
        subjects s5_1 
            on s5_1.id_subject=s5_0.subjects_id_subject) 
                on s1_0.id_student=s5_0.student_id_student 
        left join
            teachers t5_0 
                on t5_0.id_teacher=s5_1.id_teacher 
        left join
            persons p6_0 
                on p6_0.id_person=t5_0.id_person 
        left join
            teachers t6_0 
                on t6_0.id_teacher=p6_0.teacher_id_teacher 
        left join
            teachers t7_0 
                on t7_0.id_teacher=p1_0.teacher_id_teacher 
        left join
            persons p8_0 
                on p8_0.id_person=t7_0.id_person 
        left join
            students s7_0 
                on s7_0.id_student=p8_0.student_id_student 
        left join
            persons p9_0 
                on p9_0.id_person=s7_0.id_person 
        left join
            teachers t9_0 
                on t9_0.id_teacher=s7_0.id_teacher 
        where
            p1_0.id_person=?
Hibernate: 
    select
        t1_0.id_teacher,
        t1_0.branch,
        t1_0.comments,
        t1_0.id_person 
    from
        teachers t1_0
]]></system-out>
  </testcase>
  <testcase name="updateTeacher" classname="com.example.block7crudvalidation.infrastructure.controller.TeacherControllerTest" time="0.016">
    <error message="No person found with id: 1" type="java.lang.RuntimeException"><![CDATA[java.lang.RuntimeException: No person found with id: 1
	at com.example.block7crudvalidation.teacher.application.TeacherServiceImpl.lambda$addTeacher$0(TeacherServiceImpl.java:27)
	at java.base/java.util.Optional.orElseThrow(Optional.java:403)
	at com.example.block7crudvalidation.teacher.application.TeacherServiceImpl.addTeacher(TeacherServiceImpl.java:27)
	at com.example.block7crudvalidation.infrastructure.controller.TeacherControllerTest.updateTeacher(TeacherControllerTest.java:128)
	at java.base/jdk.internal.reflect.NativeMethodAccessorImpl.invoke0(Native Method)
	at java.base/jdk.internal.reflect.NativeMethodAccessorImpl.invoke(NativeMethodAccessorImpl.java:77)
	at java.base/jdk.internal.reflect.DelegatingMethodAccessorImpl.invoke(DelegatingMethodAccessorImpl.java:43)
	at java.base/java.lang.reflect.Method.invoke(Method.java:568)
	at org.junit.platform.commons.util.ReflectionUtils.invokeMethod(ReflectionUtils.java:727)
	at org.junit.jupiter.engine.execution.MethodInvocation.proceed(MethodInvocation.java:60)
	at org.junit.jupiter.engine.execution.InvocationInterceptorChain$ValidatingInvocation.proceed(InvocationInterceptorChain.java:131)
	at org.junit.jupiter.engine.extension.TimeoutExtension.intercept(TimeoutExtension.java:156)
	at org.junit.jupiter.engine.extension.TimeoutExtension.interceptTestableMethod(TimeoutExtension.java:147)
	at org.junit.jupiter.engine.extension.TimeoutExtension.interceptTestMethod(TimeoutExtension.java:86)
	at org.junit.jupiter.engine.execution.InterceptingExecutableInvoker$ReflectiveInterceptorCall.lambda$ofVoidMethod$0(InterceptingExecutableInvoker.java:103)
	at org.junit.jupiter.engine.execution.InterceptingExecutableInvoker.lambda$invoke$0(InterceptingExecutableInvoker.java:93)
	at org.junit.jupiter.engine.execution.InvocationInterceptorChain$InterceptedInvocation.proceed(InvocationInterceptorChain.java:106)
	at org.junit.jupiter.engine.execution.InvocationInterceptorChain.proceed(InvocationInterceptorChain.java:64)
	at org.junit.jupiter.engine.execution.InvocationInterceptorChain.chainAndInvoke(InvocationInterceptorChain.java:45)
	at org.junit.jupiter.engine.execution.InvocationInterceptorChain.invoke(InvocationInterceptorChain.java:37)
	at org.junit.jupiter.engine.execution.InterceptingExecutableInvoker.invoke(InterceptingExecutableInvoker.java:92)
	at org.junit.jupiter.engine.execution.InterceptingExecutableInvoker.invoke(InterceptingExecutableInvoker.java:86)
	at org.junit.jupiter.engine.descriptor.TestMethodTestDescriptor.lambda$invokeTestMethod$7(TestMethodTestDescriptor.java:217)
	at org.junit.platform.engine.support.hierarchical.ThrowableCollector.execute(ThrowableCollector.java:73)
	at org.junit.jupiter.engine.descriptor.TestMethodTestDescriptor.invokeTestMethod(TestMethodTestDescriptor.java:213)
	at org.junit.jupiter.engine.descriptor.TestMethodTestDescriptor.execute(TestMethodTestDescriptor.java:138)
	at org.junit.jupiter.engine.descriptor.TestMethodTestDescriptor.execute(TestMethodTestDescriptor.java:68)
	at org.junit.platform.engine.support.hierarchical.NodeTestTask.lambda$executeRecursively$6(NodeTestTask.java:151)
	at org.junit.platform.engine.support.hierarchical.ThrowableCollector.execute(ThrowableCollector.java:73)
	at org.junit.platform.engine.support.hierarchical.NodeTestTask.lambda$executeRecursively$8(NodeTestTask.java:141)
	at org.junit.platform.engine.support.hierarchical.Node.around(Node.java:137)
	at org.junit.platform.engine.support.hierarchical.NodeTestTask.lambda$executeRecursively$9(NodeTestTask.java:139)
	at org.junit.platform.engine.support.hierarchical.ThrowableCollector.execute(ThrowableCollector.java:73)
	at org.junit.platform.engine.support.hierarchical.NodeTestTask.executeRecursively(NodeTestTask.java:138)
	at org.junit.platform.engine.support.hierarchical.NodeTestTask.execute(NodeTestTask.java:95)
	at java.base/java.util.ArrayList.forEach(ArrayList.java:1511)
	at org.junit.platform.engine.support.hierarchical.SameThreadHierarchicalTestExecutorService.invokeAll(SameThreadHierarchicalTestExecutorService.java:41)
	at org.junit.platform.engine.support.hierarchical.NodeTestTask.lambda$executeRecursively$6(NodeTestTask.java:155)
	at org.junit.platform.engine.support.hierarchical.ThrowableCollector.execute(ThrowableCollector.java:73)
	at org.junit.platform.engine.support.hierarchical.NodeTestTask.lambda$executeRecursively$8(NodeTestTask.java:141)
	at org.junit.platform.engine.support.hierarchical.Node.around(Node.java:137)
	at org.junit.platform.engine.support.hierarchical.NodeTestTask.lambda$executeRecursively$9(NodeTestTask.java:139)
	at org.junit.platform.engine.support.hierarchical.ThrowableCollector.execute(ThrowableCollector.java:73)
	at org.junit.platform.engine.support.hierarchical.NodeTestTask.executeRecursively(NodeTestTask.java:138)
	at org.junit.platform.engine.support.hierarchical.NodeTestTask.execute(NodeTestTask.java:95)
	at java.base/java.util.ArrayList.forEach(ArrayList.java:1511)
	at org.junit.platform.engine.support.hierarchical.SameThreadHierarchicalTestExecutorService.invokeAll(SameThreadHierarchicalTestExecutorService.java:41)
	at org.junit.platform.engine.support.hierarchical.NodeTestTask.lambda$executeRecursively$6(NodeTestTask.java:155)
	at org.junit.platform.engine.support.hierarchical.ThrowableCollector.execute(ThrowableCollector.java:73)
	at org.junit.platform.engine.support.hierarchical.NodeTestTask.lambda$executeRecursively$8(NodeTestTask.java:141)
	at org.junit.platform.engine.support.hierarchical.Node.around(Node.java:137)
	at org.junit.platform.engine.support.hierarchical.NodeTestTask.lambda$executeRecursively$9(NodeTestTask.java:139)
	at org.junit.platform.engine.support.hierarchical.ThrowableCollector.execute(ThrowableCollector.java:73)
	at org.junit.platform.engine.support.hierarchical.NodeTestTask.executeRecursively(NodeTestTask.java:138)
	at org.junit.platform.engine.support.hierarchical.NodeTestTask.execute(NodeTestTask.java:95)
	at org.junit.platform.engine.support.hierarchical.SameThreadHierarchicalTestExecutorService.submit(SameThreadHierarchicalTestExecutorService.java:35)
	at org.junit.platform.engine.support.hierarchical.HierarchicalTestExecutor.execute(HierarchicalTestExecutor.java:57)
	at org.junit.platform.engine.support.hierarchical.HierarchicalTestEngine.execute(HierarchicalTestEngine.java:54)
	at org.junit.platform.launcher.core.EngineExecutionOrchestrator.execute(EngineExecutionOrchestrator.java:147)
	at org.junit.platform.launcher.core.EngineExecutionOrchestrator.execute(EngineExecutionOrchestrator.java:127)
	at org.junit.platform.launcher.core.EngineExecutionOrchestrator.execute(EngineExecutionOrchestrator.java:90)
	at org.junit.platform.launcher.core.EngineExecutionOrchestrator.lambda$execute$0(EngineExecutionOrchestrator.java:55)
	at org.junit.platform.launcher.core.EngineExecutionOrchestrator.withInterceptedStreams(EngineExecutionOrchestrator.java:102)
	at org.junit.platform.launcher.core.EngineExecutionOrchestrator.execute(EngineExecutionOrchestrator.java:54)
	at org.junit.platform.launcher.core.DefaultLauncher.execute(DefaultLauncher.java:114)
	at org.junit.platform.launcher.core.DefaultLauncher.execute(DefaultLauncher.java:86)
	at org.junit.platform.launcher.core.DefaultLauncherSession$DelegatingLauncher.execute(DefaultLauncherSession.java:86)
	at org.apache.maven.surefire.junitplatform.LazyLauncher.execute(LazyLauncher.java:50)
	at org.apache.maven.surefire.junitplatform.JUnitPlatformProvider.execute(JUnitPlatformProvider.java:184)
	at org.apache.maven.surefire.junitplatform.JUnitPlatformProvider.invokeAllTests(JUnitPlatformProvider.java:148)
	at org.apache.maven.surefire.junitplatform.JUnitPlatformProvider.invoke(JUnitPlatformProvider.java:122)
	at org.apache.maven.surefire.booter.ForkedBooter.runSuitesInProcess(ForkedBooter.java:385)
	at org.apache.maven.surefire.booter.ForkedBooter.execute(ForkedBooter.java:162)
	at org.apache.maven.surefire.booter.ForkedBooter.run(ForkedBooter.java:507)
	at org.apache.maven.surefire.booter.ForkedBooter.main(ForkedBooter.java:495)
]]></error>
    <system-out><![CDATA[Hibernate: 
    insert 
    into
        persons
        (active,city,company_email,created_date,image_url,name,password,personal_email,student_id_student,surname,teacher_id_teacher,termination_date,username,id_person) 
    values
        (?,?,?,?,?,?,?,?,?,?,?,?,?,?)
Hibernate: 
    select
        p1_0.id_person,
        p1_0.active,
        p1_0.city,
        p1_0.company_email,
        p1_0.created_date,
        p1_0.image_url,
        p1_0.name,
        p1_0.password,
        p1_0.personal_email,
        s1_0.id_student,
        s1_0.branch,
        s1_0.comments,
        s1_0.num_hours_week,
        p2_0.id_person,
        p2_0.active,
        p2_0.city,
        p2_0.company_email,
        p2_0.created_date,
        p2_0.image_url,
        p2_0.name,
        p2_0.password,
        p2_0.personal_email,
        p2_0.student_id_student,
        p2_0.surname,
        t1_0.id_teacher,
        t1_0.branch,
        t1_0.comments,
        p3_0.id_person,
        p3_0.active,
        p3_0.city,
        p3_0.company_email,
        p3_0.created_date,
        p3_0.image_url,
        p3_0.name,
        p3_0.password,
        p3_0.personal_email,
        p3_0.student_id_student,
        p3_0.surname,
        p3_0.teacher_id_teacher,
        p3_0.termination_date,
        p3_0.username,
        p2_0.termination_date,
        p2_0.username,
        t3_0.id_teacher,
        t3_0.branch,
        t3_0.comments,
        p4_0.id_person,
        p4_0.active,
        p4_0.city,
        p4_0.company_email,
        p4_0.created_date,
        p4_0.image_url,
        p4_0.name,
        p4_0.password,
        p4_0.personal_email,
        p4_0.student_id_student,
        p4_0.surname,
        t4_0.id_teacher,
        t4_0.branch,
        t4_0.comments,
        t4_0.id_person,
        p4_0.termination_date,
        p4_0.username,
        s5_0.student_id_student,
        s5_1.id_subject,
        s5_1.comments,
        s5_1.finish_date,
        s5_1.initial_date,
        s5_1.name,
        t5_0.id_teacher,
        t5_0.branch,
        t5_0.comments,
        p6_0.id_person,
        p6_0.active,
        p6_0.city,
        p6_0.company_email,
        p6_0.created_date,
        p6_0.image_url,
        p6_0.name,
        p6_0.password,
        p6_0.personal_email,
        p6_0.student_id_student,
        p6_0.surname,
        t6_0.id_teacher,
        t6_0.branch,
        t6_0.comments,
        t6_0.id_person,
        p6_0.termination_date,
        p6_0.username,
        p1_0.surname,
        t7_0.id_teacher,
        t7_0.branch,
        t7_0.comments,
        p8_0.id_person,
        p8_0.active,
        p8_0.city,
        p8_0.company_email,
        p8_0.created_date,
        p8_0.image_url,
        p8_0.name,
        p8_0.password,
        p8_0.personal_email,
        s7_0.id_student,
        s7_0.branch,
        s7_0.comments,
        s7_0.num_hours_week,
        p9_0.id_person,
        p9_0.active,
        p9_0.city,
        p9_0.company_email,
        p9_0.created_date,
        p9_0.image_url,
        p9_0.name,
        p9_0.password,
        p9_0.personal_email,
        p9_0.student_id_student,
        p9_0.surname,
        p9_0.teacher_id_teacher,
        p9_0.termination_date,
        p9_0.username,
        t9_0.id_teacher,
        t9_0.branch,
        t9_0.comments,
        t9_0.id_person,
        p8_0.surname,
        p8_0.teacher_id_teacher,
        p8_0.termination_date,
        p8_0.username,
        p1_0.termination_date,
        p1_0.username 
    from
        persons p1_0 
    left join
        students s1_0 
            on s1_0.id_student=p1_0.student_id_student 
    left join
        persons p2_0 
            on p2_0.id_person=s1_0.id_person 
    left join
        teachers t1_0 
            on t1_0.id_teacher=p2_0.teacher_id_teacher 
    left join
        persons p3_0 
            on p3_0.id_person=t1_0.id_person 
    left join
        teachers t3_0 
            on t3_0.id_teacher=s1_0.id_teacher 
    left join
        persons p4_0 
            on p4_0.id_person=t3_0.id_person 
    left join
        teachers t4_0 
            on t4_0.id_teacher=p4_0.teacher_id_teacher 
    left join
        (students_subjects s5_0 
    join
        subjects s5_1 
            on s5_1.id_subject=s5_0.subjects_id_subject) 
                on s1_0.id_student=s5_0.student_id_student 
        left join
            teachers t5_0 
                on t5_0.id_teacher=s5_1.id_teacher 
        left join
            persons p6_0 
                on p6_0.id_person=t5_0.id_person 
        left join
            teachers t6_0 
                on t6_0.id_teacher=p6_0.teacher_id_teacher 
        left join
            teachers t7_0 
                on t7_0.id_teacher=p1_0.teacher_id_teacher 
        left join
            persons p8_0 
                on p8_0.id_person=t7_0.id_person 
        left join
            students s7_0 
                on s7_0.id_student=p8_0.student_id_student 
        left join
            persons p9_0 
                on p9_0.id_person=s7_0.id_person 
        left join
            teachers t9_0 
                on t9_0.id_teacher=s7_0.id_teacher 
        where
            p1_0.id_person=?
Hibernate: 
    select
        t1_0.id_teacher,
        t1_0.branch,
        t1_0.comments,
        t1_0.id_person 
    from
        teachers t1_0
]]></system-out>
  </testcase>
</testsuite>