<?xml version="1.0" encoding="UTF-8"?>
<testsuite xmlns:xsi="http://www.w3.org/2001/XMLSchema-instance" xsi:noNamespaceSchemaLocation="https://maven.apache.org/surefire/maven-surefire-plugin/xsd/surefire-test-report-3.0.xsd" version="3.0" name="com.example.block7crud.Block7CrudApplicationTests" time="3.04" tests="1" errors="0" skipped="0" failures="0">
  <properties>
[...]
</properties>
  <testcase name="contextLoads" classname="com.example.block7crud.Block7CrudApplicationTests" time="0.907">
    <system-out><![CDATA[13:02:15.126 [main] INFO org.springframework.test.context.support.AnnotationConfigContextLoaderUtils -- Could not detect default configuration classes for test class [com.example.block7crud.Block7CrudApplicationTests]: Block7CrudApplicationTests does not declare any static, non-private, non-final, nested classes annotated with @Configuration.
13:02:15.252 [main] INFO org.springframework.boot.test.context.SpringBootTestContextBootstrapper -- Found @SpringBootConfiguration com.example.block7crud.Block7CrudApplication for test class com.example.block7crud.Block7CrudApplicationTests

  .   ____          _            __ _ _
 /\\ / ___'_ __ _ _(_)_ __  __ _ \ \ \ \
( ( )\___ | '_ | '_| | '_ \/ _` | \ \ \ \
 \\/  ___)| |_)| | | | | || (_| |  ) ) ) )
  '  |____| .__|_| |_|_| |_\__, | / / / /
 =========|_|==============|___/=/_/_/_/
 :: Spring Boot ::                (v3.1.0)

2023-06-20T13:02:15.657+02:00  INFO 15448 --- [           main] c.e.b.Block7CrudApplicationTests         : Starting Block7CrudApplicationTests using Java 17.0.7 with PID 15448 (started by alvaro.fbarjau in C:\Users\alvaro.fbarjau\IdeaProjects\block7-crud)
2023-06-20T13:02:15.658+02:00  INFO 15448 --- [           main] c.e.b.Block7CrudApplicationTests         : No active profile set, falling back to 1 default profile: "default"
2023-06-20T13:02:17.083+02:00  INFO 15448 --- [           main] c.e.b.Block7CrudApplicationTests         : Started Block7CrudApplicationTests in 1.675 seconds (process running for 2.589)
]]></system-out>
  </testcase>
</testsuite>