<?xml version="1.0" encoding="UTF-8"?>
<testsuite xmlns:xsi="http://www.w3.org/2001/XMLSchema-instance" xsi:noNamespaceSchemaLocation="https://maven.apache.org/surefire/maven-surefire-plugin/xsd/surefire-test-report-3.0.xsd" version="3.0" name="com.example.block7crudvalidation.Block7CrudValidationApplicationTests" time="9.929" tests="1" errors="0" skipped="0" failures="0">
  <properties>
[...]
</properties>
  <testcase name="contextLoads" classname="com.example.block7crudvalidation.Block7CrudValidationApplicationTests" time="0.368">
    <system-out><![CDATA[15:19:24.580 [main] INFO org.springframework.test.context.support.AnnotationConfigContextLoaderUtils -- Could not detect default configuration classes for test class [com.example.block7crudvalidation.Block7CrudValidationApplicationTests]: Block7CrudValidationApplicationTests does not declare any static, non-private, non-final, nested classes annotated with @Configuration.
15:19:24.760 [main] INFO org.springframework.boot.test.context.SpringBootTestContextBootstrapper -- Found @SpringBootConfiguration com.example.block7crudvalidation.Block7CrudValidationApplication for test class com.example.block7crudvalidation.Block7CrudValidationApplicationTests

  .   ____          _            __ _ _
 /\\ / ___'_ __ _ _(_)_ __  __ _ \ \ \ \
( ( )\___ | '_ | '_| | '_ \/ _` | \ \ \ \
 \\/  ___)| |_)| | | | | || (_| |  ) ) ) )
  '  |____| .__|_| |_|_| |_\__, | / / / /
 =========|_|==============|___/=/_/_/_/
 :: Spring Boot ::                (v3.1.1)

2023-07-05T15:19:25.688+02:00  INFO 14432 --- [           main] e.b.Block7CrudValidationApplicationTests : Starting Block7CrudValidationApplicationTests using Java 17.0.7 with PID 14432 (started by alvaro.fbarjau in C:\Users\alvaro.fbarjau\IdeaProjects\block7.2-crud-validation)
2023-07-05T15:19:25.693+02:00  INFO 14432 --- [           main] e.b.Block7CrudValidationApplicationTests : No active profile set, falling back to 1 default profile: "default"
2023-07-05T15:19:27.083+02:00  INFO 14432 --- [           main] .s.d.r.c.RepositoryConfigurationDelegate : Bootstrapping Spring Data JPA repositories in DEFAULT mode.
2023-07-05T15:19:27.264+02:00  INFO 14432 --- [           main] .s.d.r.c.RepositoryConfigurationDelegate : Finished Spring Data repository scanning in 161 ms. Found 4 JPA repository interfaces.
2023-07-05T15:19:27.729+02:00  INFO 14432 --- [           main] o.s.cloud.context.scope.GenericScope     : BeanFactory id=2a642859-23ec-3e68-8731-c83bae3eeea0
2023-07-05T15:19:27.934+02:00  INFO 14432 --- [           main] trationDelegate$BeanPostProcessorChecker : Bean 'com.example.block7crudvalidation.config.feign.TeacherFeign' of type [org.springframework.cloud.openfeign.FeignClientFactoryBean] is not eligible for getting processed by all BeanPostProcessors (for example: not eligible for auto-proxying)
2023-07-05T15:19:28.363+02:00  INFO 14432 --- [           main] o.hibernate.jpa.internal.util.LogHelper  : HHH000204: Processing PersistenceUnitInfo [name: default]
2023-07-05T15:19:28.476+02:00  INFO 14432 --- [           main] org.hibernate.Version                    : HHH000412: Hibernate ORM core version 6.2.5.Final
2023-07-05T15:19:28.479+02:00  INFO 14432 --- [           main] org.hibernate.cfg.Environment            : HHH000406: Using bytecode reflection optimizer
2023-07-05T15:19:28.828+02:00  INFO 14432 --- [           main] o.h.b.i.BytecodeProviderInitiator        : HHH000021: Bytecode provider name : bytebuddy
2023-07-05T15:19:29.057+02:00  INFO 14432 --- [           main] o.s.o.j.p.SpringPersistenceUnitInfo      : No LoadTimeWeaver setup: ignoring JPA class transformer
2023-07-05T15:19:29.085+02:00  INFO 14432 --- [           main] com.zaxxer.hikari.HikariDataSource       : HikariPool-1 - Starting...
2023-07-05T15:19:29.706+02:00  INFO 14432 --- [           main] com.zaxxer.hikari.pool.HikariPool        : HikariPool-1 - Added connection conn1: url=jdbc:h2:file:~/bs9 user=ABARJ
2023-07-05T15:19:29.711+02:00  INFO 14432 --- [           main] com.zaxxer.hikari.HikariDataSource       : HikariPool-1 - Start completed.
2023-07-05T15:19:30.314+02:00  INFO 14432 --- [           main] o.h.b.i.BytecodeProviderInitiator        : HHH000021: Bytecode provider name : bytebuddy
2023-07-05T15:19:31.429+02:00  INFO 14432 --- [           main] o.h.e.t.j.p.i.JtaPlatformInitiator       : HHH000490: Using JtaPlatform implementation: [org.hibernate.engine.transaction.jta.platform.internal.NoJtaPlatform]
Hibernate: 
    drop table if exists persons cascade 
Hibernate: 
    drop table if exists students cascade 
Hibernate: 
    drop table if exists students_subjects cascade 
Hibernate: 
    drop table if exists subject cascade 
Hibernate: 
    drop table if exists subjects cascade 
Hibernate: 
    drop table if exists teachers cascade 
Hibernate: 
    drop table if exists teachers_students cascade 
Hibernate: 
    drop table if exists teachers_subjects cascade 
Hibernate: 
    drop sequence if exists persons_seq
Hibernate: 
    drop sequence if exists students_seq
Hibernate: 
    drop sequence if exists subjects_seq
Hibernate: 
    drop sequence if exists teachers_seq
Hibernate: 
    create sequence persons_seq start with 1 increment by 50
Hibernate: 
    create sequence students_seq start with 1 increment by 50
Hibernate: 
    create sequence subjects_seq start with 1 increment by 50
Hibernate: 
    create sequence teachers_seq start with 1 increment by 50
Hibernate: 
    create table persons (
        active boolean,
        id_person integer not null,
        student_id_student integer unique,
        teacher_id_teacher integer unique,
        created_date timestamp(6),
        termination_date timestamp(6),
        city varchar(255),
        company_email varchar(255),
        image_url varchar(255),
        name varchar(255),
        password varchar(255),
        personal_email varchar(255),
        surname varchar(255),
        username varchar(255),
        primary key (id_person)
    )
Hibernate: 
    create table students (
        id_person integer unique,
        id_student integer not null,
        id_teacher integer,
        num_hours_week integer,
        branch varchar(255),
        comments varchar(255),
        primary key (id_student)
    )
Hibernate: 
    create table students_subjects (
        student_id_student integer not null,
        subjects_id_subject integer not null unique
    )
Hibernate: 
    create table subject (
        students_id_student integer not null,
        subject_id_subject integer not null
    )
Hibernate: 
    create table subjects (
        id_subject integer not null,
        id_teacher integer,
        finish_date timestamp(6),
        initial_date timestamp(6),
        comments varchar(255),
        name varchar(255),
        primary key (id_subject)
    )
Hibernate: 
    create table teachers (
        id_person integer unique,
        id_teacher integer not null,
        branch varchar(255),
        comments varchar(255),
        primary key (id_teacher)
    )
Hibernate: 
    create table teachers_students (
        students_id_student integer not null unique,
        teacher_id_teacher integer not null
    )
Hibernate: 
    create table teachers_subjects (
        subjects_id_subject integer not null unique,
        teacher_id_teacher integer not null
    )
Hibernate: 
    alter table if exists persons 
       add constraint FKi727n2ocfdple6xkbah2ome2x 
       foreign key (student_id_student) 
       references students
Hibernate: 
    alter table if exists persons 
       add constraint FKdl3wjn7l36xaj61tlijl809bk 
       foreign key (teacher_id_teacher) 
       references teachers
Hibernate: 
    alter table if exists students 
       add constraint FKlpaeaqvenydy4f1cy3di7wnlt 
       foreign key (id_person) 
       references persons
Hibernate: 
    alter table if exists students 
       add constraint FK590gu63kuyeqn75a7k9o7t17d 
       foreign key (id_teacher) 
       references teachers
Hibernate: 
    alter table if exists students_subjects 
       add constraint FK5qipd27yd12dxneyy3ppj1449 
       foreign key (subjects_id_subject) 
       references subjects
Hibernate: 
    alter table if exists students_subjects 
       add constraint FKc4lt2006nygbmvcixom1f6oul 
       foreign key (student_id_student) 
       references students
Hibernate: 
    alter table if exists subject 
       add constraint FKljw9820bbh7h61dxa243r27b7 
       foreign key (students_id_student) 
       references students
Hibernate: 
    alter table if exists subject 
       add constraint FKfg743574in4d9pyddv8q7onrg 
       foreign key (subject_id_subject) 
       references subjects
Hibernate: 
    alter table if exists subjects 
       add constraint FKd6wsur0h17y5whg1y5bkb2nmh 
       foreign key (id_teacher) 
       references teachers
Hibernate: 
    alter table if exists teachers 
       add constraint FKs6iuko995dtge3b89j12ohedg 
       foreign key (id_person) 
       references persons
Hibernate: 
    alter table if exists teachers_students 
       add constraint FK3aaf3a3v9p4aq1qmelxqx95ua 
       foreign key (students_id_student) 
       references students
Hibernate: 
    alter table if exists teachers_students 
       add constraint FKlfapea9oipw156lg2txqubnjb 
       foreign key (teacher_id_teacher) 
       references teachers
Hibernate: 
    alter table if exists teachers_subjects 
       add constraint FKoccpshwsqi1ypncrqp2c8kh4v 
       foreign key (subjects_id_subject) 
       references subjects
Hibernate: 
    alter table if exists teachers_subjects 
       add constraint FK7x8bwduag4dicig5c9m1eld70 
       foreign key (teacher_id_teacher) 
       references teachers
2023-07-05T15:19:31.534+02:00  INFO 14432 --- [           main] j.LocalContainerEntityManagerFactoryBean : Initialized JPA EntityManagerFactory for persistence unit 'default'
2023-07-05T15:19:32.468+02:00  WARN 14432 --- [           main] JpaBaseConfiguration$JpaWebConfiguration : spring.jpa.open-in-view is enabled by default. Therefore, database queries may be performed during view rendering. Explicitly configure spring.jpa.open-in-view to disable this warning
2023-07-05T15:19:33.514+02:00  INFO 14432 --- [           main] o.s.b.a.h2.H2ConsoleAutoConfiguration    : H2 console available at '/h2-console'. Database available at 'jdbc:h2:file:~/bs9'
2023-07-05T15:19:33.824+02:00  INFO 14432 --- [           main] e.b.Block7CrudValidationApplicationTests : Started Block7CrudValidationApplicationTests in 8.801 seconds (process running for 10.609)
]]></system-out>
  </testcase>
</testsuite>